<?xml version="1.0" encoding="UTF-8"?>
<coverage generated="1683471366416" clover="3.2.0">
  <project timestamp="1683471366416" name="All files">
    <metrics statements="39" coveredstatements="37" conditionals="8" coveredconditionals="6" methods="7" coveredmethods="7" elements="54" coveredelements="50" complexity="0" loc="39" ncloc="39" packages="1" files="5" classes="5"/>
    <file name="constants.ts" path="/Users/deight/cantinc/innet/src/constants.ts">
      <metrics statements="2" coveredstatements="2" conditionals="0" coveredconditionals="0" methods="0" coveredmethods="0"/>
      <line num="1" count="2" type="stmt"/>
      <line num="2" count="2" type="stmt"/>
    </file>
    <file name="createHandler.ts" path="/Users/deight/cantinc/innet/src/createHandler.ts">
      <metrics statements="9" coveredstatements="9" conditionals="5" coveredconditionals="4" methods="1" coveredmethods="1"/>
      <line num="1" count="2" type="stmt"/>
      <line num="4" count="2" type="stmt"/>
      <line num="5" count="11" type="cond" truecount="2" falsecount="0"/>
      <line num="6" count="11" type="cond" truecount="1" falsecount="1"/>
      <line num="8" count="11" type="stmt"/>
      <line num="9" count="25" type="stmt"/>
      <line num="11" count="25" type="cond" truecount="1" falsecount="0"/>
      <line num="12" count="25" type="stmt"/>
      <line num="16" count="11" type="stmt"/>
    </file>
    <file name="index.ts" path="/Users/deight/cantinc/innet/src/index.ts">
      <metrics statements="6" coveredstatements="6" conditionals="0" coveredconditionals="0" methods="1" coveredmethods="1"/>
      <line num="1" count="22" type="stmt"/>
      <line num="2" count="2" type="stmt"/>
      <line num="3" count="2" type="stmt"/>
      <line num="4" count="2" type="stmt"/>
      <line num="5" count="2" type="stmt"/>
      <line num="6" count="2" type="stmt"/>
    </file>
    <file name="innet.ts" path="/Users/deight/cantinc/innet/src/innet.ts">
      <metrics statements="12" coveredstatements="10" conditionals="1" coveredconditionals="0" methods="2" coveredmethods="2"/>
      <line num="1" count="2" type="stmt"/>
      <line num="4" count="2" type="stmt"/>
      <line num="5" count="2" type="stmt"/>
      <line num="8" count="20" type="stmt"/>
      <line num="9" count="20" type="stmt"/>
      <line num="12" count="2" type="stmt"/>
      <line num="13" count="20" type="cond" truecount="0" falsecount="1"/>
      <line num="14" count="0" type="stmt"/>
      <line num="15" count="0" type="stmt"/>
      <line num="18" count="20" type="stmt"/>
      <line num="20" count="20" type="stmt"/>
      <line num="21" count="20" type="stmt"/>
    </file>
    <file name="plugins.ts" path="/Users/deight/cantinc/innet/src/plugins.ts">
      <metrics statements="10" coveredstatements="10" conditionals="2" coveredconditionals="2" methods="3" coveredmethods="3"/>
      <line num="1" count="2" type="stmt"/>
      <line num="7" count="2" type="stmt"/>
      <line num="8" count="19" type="stmt"/>
      <line num="11" count="2" type="stmt"/>
      <line num="12" count="34" type="stmt"/>
      <line num="15" count="40" type="cond" truecount="1" falsecount="0"/>
      <line num="16" count="20" type="stmt"/>
      <line num="17" count="20" type="stmt"/>
      <line num="19" count="20" type="stmt"/>
      <line num="20" count="34" type="cond" truecount="1" falsecount="0"/>
    </file>
  </project>
</coverage>
