<?xml version="1.0" encoding="UTF-8"?>
<coverage generated="1614271692370" clover="3.2.0">
  <project timestamp="1614271692370" name="All files">
    <metrics statements="211" coveredstatements="192" conditionals="112" coveredconditionals="94" methods="33" coveredmethods="28" elements="356" coveredelements="314" complexity="0" loc="211" ncloc="211" packages="6" files="11" classes="11"/>
    <package name="src">
      <metrics statements="106" coveredstatements="100" conditionals="76" coveredconditionals="67" methods="11" coveredmethods="8"/>
      <file name="index.ts" path="/Users/mihaillysikov/deight/innet/src/index.ts">
        <metrics statements="106" coveredstatements="100" conditionals="76" coveredconditionals="67" methods="11" coveredmethods="8"/>
        <line num="1" count="3" type="stmt"/>
        <line num="3" count="3" type="stmt"/>
        <line num="4" count="3" type="stmt"/>
        <line num="5" count="3" type="stmt"/>
        <line num="81" count="251" type="stmt"/>
        <line num="82" count="102" type="stmt"/>
        <line num="83" count="102" type="cond" truecount="2" falsecount="0"/>
        <line num="84" count="96" type="stmt"/>
        <line num="86" count="102" type="cond" truecount="2" falsecount="0"/>
        <line num="87" count="33" type="stmt"/>
        <line num="89" count="102" type="cond" truecount="2" falsecount="0"/>
        <line num="90" count="40" type="stmt"/>
        <line num="92" count="102" type="stmt"/>
        <line num="95" count="47" type="cond" truecount="3" falsecount="1"/>
        <line num="98" count="111" type="stmt"/>
        <line num="103" count="0" type="stmt"/>
        <line num="106" count="3" type="stmt"/>
        <line num="109" count="156" type="stmt"/>
        <line num="110" count="52" type="stmt"/>
        <line num="111" count="52" type="cond" truecount="2" falsecount="0"/>
        <line num="112" count="17" type="stmt"/>
        <line num="113" count="17" type="cond" truecount="2" falsecount="0"/>
        <line num="114" count="4" type="stmt"/>
        <line num="116" count="13" type="stmt"/>
        <line num="118" count="13" type="cond" truecount="2" falsecount="0"/>
        <line num="119" count="3" type="stmt"/>
        <line num="121" count="10" type="stmt"/>
        <line num="122" count="10" type="cond" truecount="2" falsecount="0"/>
        <line num="123" count="10" type="cond" truecount="2" falsecount="0"/>
        <line num="125" count="10" type="cond" truecount="1" falsecount="1"/>
        <line num="126" count="0" type="stmt"/>
        <line num="129" count="10" type="cond" truecount="2" falsecount="0"/>
        <line num="130" count="4" type="stmt"/>
        <line num="131" count="9" type="stmt"/>
        <line num="132" count="9" type="cond" truecount="1" falsecount="1"/>
        <line num="133" count="0" type="stmt"/>
        <line num="135" count="9" type="cond" truecount="1" falsecount="1"/>
        <line num="136" count="9" type="cond" truecount="1" falsecount="1"/>
        <line num="137" count="0" type="stmt"/>
        <line num="139" count="9" type="stmt"/>
        <line num="145" count="6" type="cond" truecount="1" falsecount="1"/>
        <line num="146" count="0" type="stmt"/>
        <line num="148" count="6" type="cond" truecount="3" falsecount="1"/>
        <line num="149" count="6" type="stmt"/>
        <line num="156" count="52" type="stmt"/>
        <line num="157" count="52" type="cond" truecount="2" falsecount="0"/>
        <line num="158" count="30" type="stmt"/>
        <line num="159" count="35" type="stmt"/>
        <line num="168" count="455" type="cond" truecount="6" falsecount="0"/>
        <line num="169" count="323" type="cond" truecount="2" falsecount="0"/>
        <line num="170" count="53" type="stmt"/>
        <line num="172" count="270" type="cond" truecount="2" falsecount="0"/>
        <line num="173" count="15" type="stmt"/>
        <line num="174" count="22" type="stmt"/>
        <line num="177" count="255" type="cond" truecount="4" falsecount="0"/>
        <line num="178" count="111" type="cond" truecount="2" falsecount="0"/>
        <line num="179" count="6" type="stmt"/>
        <line num="181" count="105" type="stmt"/>
        <line num="182" count="105" type="cond" truecount="2" falsecount="0"/>
        <line num="183" count="6" type="stmt"/>
        <line num="184" count="99" type="cond" truecount="2" falsecount="0"/>
        <line num="185" count="52" type="cond" truecount="1" falsecount="1"/>
        <line num="186" count="0" type="stmt"/>
        <line num="188" count="52" type="stmt"/>
        <line num="190" count="47" type="cond" truecount="1" falsecount="1"/>
        <line num="191" count="47" type="stmt"/>
        <line num="192" count="47" type="cond" truecount="2" falsecount="0"/>
        <line num="193" count="18" type="stmt"/>
        <line num="194" count="18" type="stmt"/>
        <line num="195" count="18" type="cond" truecount="2" falsecount="0"/>
        <line num="196" count="2" type="stmt"/>
        <line num="198" count="18" type="stmt"/>
        <line num="199" count="18" type="cond" truecount="2" falsecount="0"/>
        <line num="200" count="4" type="stmt"/>
        <line num="203" count="29" type="stmt"/>
        <line num="204" count="29" type="stmt"/>
        <line num="205" count="29" type="stmt"/>
        <line num="206" count="29" type="stmt"/>
        <line num="207" count="29" type="stmt"/>
        <line num="208" count="29" type="stmt"/>
        <line num="210" count="47" type="stmt"/>
        <line num="214" count="144" type="cond" truecount="2" falsecount="0"/>
        <line num="215" count="41" type="stmt"/>
        <line num="216" count="41" type="stmt"/>
        <line num="217" count="41" type="stmt"/>
        <line num="218" count="75" type="cond" truecount="2" falsecount="0"/>
        <line num="219" count="34" type="stmt"/>
        <line num="221" count="75" type="stmt"/>
        <line num="222" count="75" type="stmt"/>
        <line num="223" count="75" type="stmt"/>
        <line num="224" count="75" type="stmt"/>
        <line num="227" count="103" type="cond" truecount="4" falsecount="0"/>
        <line num="228" count="58" type="stmt"/>
        <line num="230" count="323" type="stmt"/>
        <line num="233" count="3" type="stmt"/>
        <line num="234" count="3" type="stmt"/>
        <line num="236" count="3" type="stmt"/>
        <line num="237" count="3" type="stmt"/>
        <line num="238" count="3" type="stmt"/>
        <line num="239" count="3" type="stmt"/>
        <line num="240" count="3" type="stmt"/>
        <line num="241" count="3" type="stmt"/>
        <line num="256" count="3" type="stmt"/>
        <line num="257" count="3" type="stmt"/>
        <line num="261" count="3" type="stmt"/>
        <line num="262" count="3" type="stmt"/>
      </file>
    </package>
    <package name="src.Context">
      <metrics statements="15" coveredstatements="15" conditionals="2" coveredconditionals="2" methods="5" coveredmethods="4"/>
      <file name="Context.ts" path="/Users/mihaillysikov/deight/innet/src/Context/Context.ts">
        <metrics statements="13" coveredstatements="13" conditionals="2" coveredconditionals="2" methods="4" coveredmethods="4"/>
        <line num="2" count="3" type="stmt"/>
        <line num="5" count="3" type="stmt"/>
        <line num="6" count="2" type="stmt"/>
        <line num="8" count="2" type="stmt"/>
        <line num="10" count="3" type="stmt"/>
        <line num="11" count="6" type="stmt"/>
        <line num="17" count="3" type="stmt"/>
        <line num="18" count="8" type="stmt"/>
        <line num="19" count="8" type="stmt"/>
        <line num="20" count="8" type="cond" truecount="2" falsecount="0"/>
        <line num="22" count="3" type="stmt"/>
        <line num="24" count="3" type="stmt"/>
        <line num="27" count="3" type="stmt"/>
      </file>
      <file name="index.ts" path="/Users/mihaillysikov/deight/innet/src/Context/index.ts">
        <metrics statements="2" coveredstatements="2" conditionals="0" coveredconditionals="0" methods="1" coveredmethods="0"/>
        <line num="1" count="3" type="stmt"/>
        <line num="2" count="3" type="stmt"/>
      </file>
    </package>
    <package name="src.Ref">
      <metrics statements="10" coveredstatements="10" conditionals="0" coveredconditionals="0" methods="3" coveredmethods="3"/>
      <file name="Ref.ts" path="/Users/mihaillysikov/deight/innet/src/Ref/Ref.ts">
        <metrics statements="8" coveredstatements="8" conditionals="0" coveredconditionals="0" methods="2" coveredmethods="2"/>
        <line num="1" count="3" type="stmt"/>
        <line num="3" count="3" type="stmt"/>
        <line num="4" count="3" type="stmt"/>
        <line num="5" count="3" type="stmt"/>
        <line num="6" count="6" type="stmt"/>
        <line num="8" count="3" type="stmt"/>
        <line num="10" count="3" type="stmt"/>
        <line num="13" count="3" type="stmt"/>
      </file>
      <file name="index.ts" path="/Users/mihaillysikov/deight/innet/src/Ref/index.ts">
        <metrics statements="2" coveredstatements="2" conditionals="0" coveredconditionals="0" methods="1" coveredmethods="1"/>
        <line num="1" count="6" type="stmt"/>
        <line num="2" count="3" type="stmt"/>
      </file>
    </package>
    <package name="src.scope">
      <metrics statements="5" coveredstatements="5" conditionals="0" coveredconditionals="0" methods="1" coveredmethods="1"/>
      <file name="index.ts" path="/Users/mihaillysikov/deight/innet/src/scope/index.ts">
        <metrics statements="2" coveredstatements="2" conditionals="0" coveredconditionals="0" methods="1" coveredmethods="1"/>
        <line num="1" count="525" type="stmt"/>
        <line num="2" count="3" type="stmt"/>
      </file>
      <file name="scope.ts" path="/Users/mihaillysikov/deight/innet/src/scope/scope.ts">
        <metrics statements="3" coveredstatements="3" conditionals="0" coveredconditionals="0" methods="0" coveredmethods="0"/>
        <line num="3" count="3" type="stmt"/>
        <line num="8" count="3" type="stmt"/>
        <line num="11" count="3" type="stmt"/>
      </file>
    </package>
    <package name="src.utils.dom">
      <metrics statements="55" coveredstatements="43" conditionals="26" coveredconditionals="18" methods="10" coveredmethods="9"/>
      <file name="dom.ts" path="/Users/mihaillysikov/deight/innet/src/utils/dom/dom.ts">
        <metrics statements="54" coveredstatements="42" conditionals="26" coveredconditionals="18" methods="10" coveredmethods="9"/>
        <line num="5" count="177" type="cond" truecount="2" falsecount="0"/>
        <line num="6" count="3" type="stmt"/>
        <line num="7" count="3" type="stmt"/>
        <line num="8" count="3" type="stmt"/>
        <line num="12" count="27" type="stmt"/>
        <line num="13" count="27" type="cond" truecount="2" falsecount="0"/>
        <line num="14" count="6" type="stmt"/>
        <line num="18" count="177" type="cond" truecount="2" falsecount="0"/>
        <line num="19" count="49" type="cond" truecount="2" falsecount="0"/>
        <line num="20" count="3" type="stmt"/>
        <line num="21" count="3" type="stmt"/>
        <line num="23" count="46" type="stmt"/>
        <line num="27" count="14" type="cond" truecount="2" falsecount="0"/>
        <line num="28" count="10" type="cond" truecount="1" falsecount="1"/>
        <line num="29" count="0" type="stmt"/>
        <line num="30" count="0" type="stmt"/>
        <line num="35" count="40" type="stmt"/>
        <line num="36" count="40" type="stmt"/>
        <line num="39" count="3" type="stmt"/>
        <line num="40" count="3" type="stmt"/>
        <line num="43" count="6" type="stmt"/>
        <line num="44" count="6" type="stmt"/>
        <line num="45" count="6" type="cond" truecount="2" falsecount="0"/>
        <line num="46" count="3" type="cond" truecount="2" falsecount="0"/>
        <line num="48" count="3" type="stmt"/>
        <line num="50" count="6" type="stmt"/>
        <line num="53" count="0" type="stmt"/>
        <line num="54" count="0" type="cond" truecount="0" falsecount="2"/>
        <line num="55" count="0" type="stmt"/>
        <line num="56" count="0" type="cond" truecount="0" falsecount="2"/>
        <line num="57" count="0" type="stmt"/>
        <line num="59" count="0" type="stmt"/>
        <line num="60" count="0" type="cond" truecount="0" falsecount="2"/>
        <line num="62" count="0" type="stmt"/>
        <line num="64" count="0" type="stmt"/>
        <line num="67" count="164" type="stmt"/>
        <line num="68" count="164" type="cond" truecount="2" falsecount="0"/>
        <line num="69" count="51" type="stmt"/>
        <line num="70" count="51" type="cond" truecount="1" falsecount="1"/>
        <line num="71" count="0" type="stmt"/>
        <line num="73" count="51" type="stmt"/>
        <line num="74" count="51" type="stmt"/>
        <line num="76" count="113" type="stmt"/>
        <line num="78" count="164" type="stmt"/>
        <line num="81" count="4" type="stmt"/>
        <line num="82" count="4" type="stmt"/>
        <line num="83" count="4" type="stmt"/>
        <line num="84" count="4" type="stmt"/>
        <line num="88" count="3" type="stmt"/>
        <line num="89" count="3" type="stmt"/>
        <line num="90" count="3" type="stmt"/>
        <line num="91" count="3" type="stmt"/>
        <line num="92" count="3" type="stmt"/>
        <line num="93" count="3" type="stmt"/>
      </file>
      <file name="index.ts" path="/Users/mihaillysikov/deight/innet/src/utils/dom/index.ts">
        <metrics statements="1" coveredstatements="1" conditionals="0" coveredconditionals="0" methods="0" coveredmethods="0"/>
        <line num="1" count="3" type="stmt"/>
      </file>
    </package>
    <package name="src.utils.test">
      <metrics statements="20" coveredstatements="19" conditionals="8" coveredconditionals="7" methods="3" coveredmethods="3"/>
      <file name="getHTML.ts" path="/Users/mihaillysikov/deight/innet/src/utils/test/getHTML.ts">
        <metrics statements="14" coveredstatements="13" conditionals="8" coveredconditionals="7" methods="2" coveredmethods="2"/>
        <line num="1" count="2" type="stmt"/>
        <line num="2" count="234" type="cond" truecount="2" falsecount="0"/>
        <line num="3" count="107" type="stmt"/>
        <line num="4" count="107" type="stmt"/>
        <line num="5" count="127" type="stmt"/>
        <line num="7" count="107" type="stmt"/>
        <line num="9" count="127" type="cond" truecount="2" falsecount="0"/>
        <line num="10" count="28" type="stmt"/>
        <line num="12" count="99" type="cond" truecount="2" falsecount="0"/>
        <line num="13" count="60" type="stmt"/>
        <line num="15" count="39" type="cond" truecount="1" falsecount="1"/>
        <line num="16" count="39" type="stmt"/>
        <line num="18" count="0" type="stmt"/>
        <line num="21" count="2" type="stmt"/>
      </file>
      <file name="renderElement.ts" path="/Users/mihaillysikov/deight/innet/src/utils/test/renderElement.ts">
        <metrics statements="6" coveredstatements="6" conditionals="0" coveredconditionals="0" methods="1" coveredmethods="1"/>
        <line num="1" count="3" type="stmt"/>
        <line num="3" count="3" type="stmt"/>
        <line num="4" count="73" type="stmt"/>
        <line num="5" count="73" type="stmt"/>
        <line num="6" count="73" type="stmt"/>
        <line num="9" count="3" type="stmt"/>
      </file>
    </package>
  </project>
</coverage>
