{"/Users/deight/cantinc/innet/src/constants.ts": {"path":"/Users/deight/cantinc/innet/src/constants.ts","statementMap":{"0":{"start":{"line":1,"column":13},"end":{"line":1,"column":null}},"1":{"start":{"line":2,"column":13},"end":{"line":2,"column":null}}},"fnMap":{},"branchMap":{},"s":{"0":2,"1":2},"f":{},"b":{}}
,"/Users/deight/cantinc/innet/src/createHandler.ts": {"path":"/Users/deight/cantinc/innet/src/createHandler.ts","statementMap":{"0":{"start":{"line":1,"column":0},"end":{"line":1,"column":37}},"1":{"start":{"line":5,"column":18},"end":{"line":5,"column":54}},"2":{"start":{"line":6,"column":25},"end":{"line":6,"column":89}},"3":{"start":{"line":8,"column":2},"end":{"line":14,"column":null}},"4":{"start":{"line":8,"column":15},"end":{"line":8,"column":16}},"5":{"start":{"line":9,"column":19},"end":{"line":9,"column":38}},"6":{"start":{"line":11,"column":4},"end":{"line":13,"column":null}},"7":{"start":{"line":12,"column":6},"end":{"line":12,"column":null}},"8":{"start":{"line":16,"column":2},"end":{"line":16,"column":null}},"9":{"start":{"line":4,"column":0},"end":{"line":4,"column":16}}},"fnMap":{"0":{"name":"createHandler","decl":{"start":{"line":4,"column":16},"end":{"line":4,"column":29}},"loc":{"start":{"line":4,"column":109},"end":{"line":17,"column":1}}}},"branchMap":{"0":{"loc":{"start":{"line":5,"column":32},"end":{"line":5,"column":53}},"type":"binary-expr","locations":[{"start":{"line":5,"column":32},"end":{"line":5,"column":45}},{"start":{"line":5,"column":49},"end":{"line":5,"column":53}}]},"1":{"loc":{"start":{"line":6,"column":44},"end":{"line":6,"column":89}},"type":"cond-expr","locations":[{"start":{"line":6,"column":60},"end":{"line":6,"column":84}},{"start":{"line":6,"column":87},"end":{"line":6,"column":89}}]},"2":{"loc":{"start":{"line":11,"column":4},"end":{"line":13,"column":null}},"type":"if","locations":[{"start":{"line":11,"column":4},"end":{"line":13,"column":null}}]}},"s":{"0":2,"1":11,"2":11,"3":11,"4":11,"5":25,"6":25,"7":25,"8":11,"9":2},"f":{"0":11},"b":{"0":[11,11],"1":[0,11],"2":[25]}}
,"/Users/deight/cantinc/innet/src/index.ts": {"path":"/Users/deight/cantinc/innet/src/index.ts","statementMap":{"0":{"start":{"line":1,"column":0},"end":{"line":1,"column":9}},"1":{"start":{"line":1,"column":9},"end":{"line":1,"column":33}},"2":{"start":{"line":2,"column":0},"end":{"line":2,"column":23}},"3":{"start":{"line":3,"column":0},"end":{"line":3,"column":23}},"4":{"start":{"line":4,"column":0},"end":{"line":4,"column":27}},"5":{"start":{"line":5,"column":0},"end":{"line":5,"column":31}},"6":{"start":{"line":6,"column":0},"end":{"line":6,"column":25}}},"fnMap":{"0":{"name":"(anonymous_5)","decl":{"start":{"line":1,"column":9},"end":{"line":1,"column":16}},"loc":{"start":{"line":1,"column":9},"end":{"line":1,"column":33}}}},"branchMap":{},"s":{"0":2,"1":22,"2":2,"3":2,"4":2,"5":2,"6":2},"f":{"0":20},"b":{}}
,"/Users/deight/cantinc/innet/src/innet.ts": {"path":"/Users/deight/cantinc/innet/src/innet.ts","statementMap":{"0":{"start":{"line":1,"column":0},"end":{"line":1,"column":38}},"1":{"start":{"line":4,"column":28},"end":{"line":4,"column":30}},"2":{"start":{"line":5,"column":32},"end":{"line":5,"column":34}},"3":{"start":{"line":8,"column":2},"end":{"line":8,"column":null}},"4":{"start":{"line":9,"column":2},"end":{"line":9,"column":null}},"5":{"start":{"line":13,"column":2},"end":{"line":16,"column":null}},"6":{"start":{"line":14,"column":4},"end":{"line":14,"column":null}},"7":{"start":{"line":15,"column":4},"end":{"line":15,"column":10}},"8":{"start":{"line":18,"column":2},"end":{"line":18,"column":null}},"9":{"start":{"line":20,"column":2},"end":{"line":22,"column":null}},"10":{"start":{"line":21,"column":4},"end":{"line":21,"column":null}},"11":{"start":{"line":12,"column":0},"end":{"line":12,"column":24}}},"fnMap":{"0":{"name":"pushApp","decl":{"start":{"line":7,"column":9},"end":{"line":7,"column":16}},"loc":{"start":{"line":7,"column":48},"end":{"line":10,"column":1}}},"1":{"name":"innet","decl":{"start":{"line":12,"column":24},"end":{"line":12,"column":29}},"loc":{"start":{"line":12,"column":61},"end":{"line":23,"column":1}}}},"branchMap":{"0":{"loc":{"start":{"line":13,"column":2},"end":{"line":16,"column":null}},"type":"if","locations":[{"start":{"line":13,"column":2},"end":{"line":16,"column":null}}]}},"s":{"0":2,"1":2,"2":2,"3":20,"4":20,"5":20,"6":0,"7":0,"8":20,"9":20,"10":20,"11":2},"f":{"0":20,"1":20},"b":{"0":[0]}}
,"/Users/deight/cantinc/innet/src/plugins.ts": {"path":"/Users/deight/cantinc/innet/src/plugins.ts","statementMap":{"0":{"start":{"line":1,"column":0},"end":{"line":1,"column":43}},"1":{"start":{"line":8,"column":2},"end":{"line":8,"column":null}},"2":{"start":{"line":7,"column":0},"end":{"line":7,"column":16}},"3":{"start":{"line":12,"column":2},"end":{"line":12,"column":null}},"4":{"start":{"line":11,"column":0},"end":{"line":11,"column":16}},"5":{"start":{"line":15,"column":60},"end":{"line":15,"column":null}},"6":{"start":{"line":16,"column":2},"end":{"line":16,"column":null}},"7":{"start":{"line":17,"column":2},"end":{"line":17,"column":null}},"8":{"start":{"line":19,"column":2},"end":{"line":21,"column":null}},"9":{"start":{"line":19,"column":15},"end":{"line":19,"column":16}},"10":{"start":{"line":20,"column":4},"end":{"line":20,"column":37}},"11":{"start":{"line":20,"column":31},"end":{"line":20,"column":37}},"12":{"start":{"line":15,"column":0},"end":{"line":15,"column":16}}},"fnMap":{"0":{"name":"useHandler","decl":{"start":{"line":7,"column":16},"end":{"line":7,"column":26}},"loc":{"start":{"line":7,"column":26},"end":{"line":9,"column":1}}},"1":{"name":"useApp","decl":{"start":{"line":11,"column":16},"end":{"line":11,"column":22}},"loc":{"start":{"line":11,"column":22},"end":{"line":13,"column":1}}},"2":{"name":"runPlugins","decl":{"start":{"line":15,"column":16},"end":{"line":15,"column":26}},"loc":{"start":{"line":15,"column":86},"end":{"line":22,"column":1}}}},"branchMap":{"0":{"loc":{"start":{"line":15,"column":60},"end":{"line":15,"column":null}},"type":"if","locations":[{"start":{"line":15,"column":60},"end":{"line":15,"column":null}}]},"1":{"loc":{"start":{"line":20,"column":4},"end":{"line":20,"column":37}},"type":"if","locations":[{"start":{"line":20,"column":4},"end":{"line":20,"column":37}}]}},"s":{"0":2,"1":19,"2":2,"3":34,"4":2,"5":40,"6":20,"7":20,"8":20,"9":20,"10":34,"11":17,"12":2},"f":{"0":19,"1":34,"2":20},"b":{"0":[20],"1":[17]}}
}
