{"/Users/mihaillysikov/deight/innet-1/src/getHTML.ts": {"path":"/Users/mihaillysikov/deight/innet-1/src/getHTML.ts","statementMap":{"0":{"start":{"line":2,"column":2},"end":{"line":8,"column":null}},"1":{"start":{"line":3,"column":17},"end":{"line":3,"column":19}},"2":{"start":{"line":4,"column":4},"end":{"line":6,"column":null}},"3":{"start":{"line":5,"column":6},"end":{"line":5,"column":null}},"4":{"start":{"line":7,"column":4},"end":{"line":7,"column":null}},"5":{"start":{"line":9,"column":2},"end":{"line":11,"column":null}},"6":{"start":{"line":10,"column":4},"end":{"line":10,"column":null}},"7":{"start":{"line":12,"column":2},"end":{"line":14,"column":null}},"8":{"start":{"line":13,"column":4},"end":{"line":13,"column":null}},"9":{"start":{"line":15,"column":2},"end":{"line":17,"column":null}},"10":{"start":{"line":16,"column":4},"end":{"line":16,"column":null}},"11":{"start":{"line":18,"column":2},"end":{"line":18,"column":null}},"12":{"start":{"line":21,"column":0},"end":{"line":21,"column":null}}},"fnMap":{"0":{"name":"getHTML","decl":{"start":{"line":1,"column":9},"end":{"line":1,"column":16}},"loc":{"start":{"line":1,"column":25},"end":{"line":19,"column":1}}},"1":{"name":"(anonymous_1)","decl":{"start":{"line":4,"column":31},"end":{"line":4,"column":35}},"loc":{"start":{"line":4,"column":35},"end":{"line":6,"column":5}}}},"branchMap":{"0":{"loc":{"start":{"line":2,"column":2},"end":{"line":8,"column":null}},"type":"if","locations":[{"start":{"line":2,"column":2},"end":{"line":8,"column":null}},{"start":{"line":2,"column":2},"end":{"line":8,"column":null}}]},"1":{"loc":{"start":{"line":9,"column":2},"end":{"line":11,"column":null}},"type":"if","locations":[{"start":{"line":9,"column":2},"end":{"line":11,"column":null}},{"start":{"line":9,"column":2},"end":{"line":11,"column":null}}]},"2":{"loc":{"start":{"line":12,"column":2},"end":{"line":14,"column":null}},"type":"if","locations":[{"start":{"line":12,"column":2},"end":{"line":14,"column":null}},{"start":{"line":12,"column":2},"end":{"line":14,"column":null}}]},"3":{"loc":{"start":{"line":15,"column":2},"end":{"line":17,"column":null}},"type":"if","locations":[{"start":{"line":15,"column":2},"end":{"line":17,"column":null}},{"start":{"line":15,"column":2},"end":{"line":17,"column":null}}]}},"s":{"0":363,"1":138,"2":138,"3":225,"4":138,"5":225,"6":32,"7":193,"8":96,"9":97,"10":97,"11":0,"12":3},"f":{"0":363,"1":225},"b":{"0":[138,225],"1":[32,193],"2":[96,97],"3":[97,0]}}
,"/Users/mihaillysikov/deight/innet-1/src/index.ts": {"path":"/Users/mihaillysikov/deight/innet-1/src/index.ts","statementMap":{"0":{"start":{"line":1,"column":0},"end":{"line":1,"column":42}},"1":{"start":{"line":3,"column":0},"end":{"line":3,"column":27}},"2":{"start":{"line":4,"column":0},"end":{"line":4,"column":57}},"3":{"start":{"line":5,"column":0},"end":{"line":5,"column":7}},"4":{"start":{"line":241,"column":2},"end":{"line":5,"column":23}},"5":{"start":{"line":81,"column":95},"end":{"line":81,"column":109}},"6":{"start":{"line":82,"column":32},"end":{"line":82,"column":34}},"7":{"start":{"line":83,"column":2},"end":{"line":85,"column":null}},"8":{"start":{"line":84,"column":4},"end":{"line":84,"column":null}},"9":{"start":{"line":86,"column":2},"end":{"line":88,"column":null}},"10":{"start":{"line":87,"column":4},"end":{"line":87,"column":null}},"11":{"start":{"line":89,"column":2},"end":{"line":91,"column":null}},"12":{"start":{"line":90,"column":4},"end":{"line":90,"column":null}},"13":{"start":{"line":92,"column":2},"end":{"line":92,"column":null}},"14":{"start":{"line":236,"column":2},"end":{"line":236,"column":8}},"15":{"start":{"line":95,"column":2},"end":{"line":95,"column":null}},"16":{"start":{"line":237,"column":2},"end":{"line":237,"column":13}},"17":{"start":{"line":98,"column":2},"end":{"line":98,"column":null}},"18":{"start":{"line":238,"column":2},"end":{"line":238,"column":15}},"19":{"start":{"line":103,"column":2},"end":{"line":103,"column":null}},"20":{"start":{"line":256,"column":2},"end":{"line":256,"column":11}},"21":{"start":{"line":106,"column":21},"end":{"line":106,"column":28}},"22":{"start":{"line":257,"column":2},"end":{"line":257,"column":14}},"23":{"start":{"line":109,"column":34},"end":{"line":109,"column":null}},"24":{"start":{"line":110,"column":18},"end":{"line":110,"column":46}},"25":{"start":{"line":111,"column":2},"end":{"line":155,"column":null}},"26":{"start":{"line":113,"column":6},"end":{"line":153,"column":null}},"27":{"start":{"line":114,"column":8},"end":{"line":114,"column":null}},"28":{"start":{"line":116,"column":22},"end":{"line":116,"column":32}},"29":{"start":{"line":118,"column":8},"end":{"line":152,"column":null}},"30":{"start":{"line":119,"column":10},"end":{"line":119,"column":null}},"31":{"start":{"line":121,"column":26},"end":{"line":121,"column":40}},"32":{"start":{"line":122,"column":27},"end":{"line":122,"column":52}},"33":{"start":{"line":123,"column":31},"end":{"line":123,"column":51}},"34":{"start":{"line":125,"column":10},"end":{"line":127,"column":null}},"35":{"start":{"line":126,"column":12},"end":{"line":126,"column":null}},"36":{"start":{"line":129,"column":10},"end":{"line":151,"column":null}},"37":{"start":{"line":130,"column":12},"end":{"line":142,"column":null}},"38":{"start":{"line":131,"column":29},"end":{"line":131,"column":42}},"39":{"start":{"line":132,"column":14},"end":{"line":134,"column":null}},"40":{"start":{"line":133,"column":16},"end":{"line":133,"column":null}},"41":{"start":{"line":135,"column":14},"end":{"line":141,"column":null}},"42":{"start":{"line":136,"column":16},"end":{"line":140,"column":null}},"43":{"start":{"line":137,"column":18},"end":{"line":137,"column":null}},"44":{"start":{"line":139,"column":18},"end":{"line":139,"column":null}},"45":{"start":{"line":145,"column":12},"end":{"line":147,"column":null}},"46":{"start":{"line":146,"column":14},"end":{"line":146,"column":null}},"47":{"start":{"line":148,"column":12},"end":{"line":150,"column":null}},"48":{"start":{"line":149,"column":14},"end":{"line":149,"column":null}},"49":{"start":{"line":112,"column":4},"end":{"line":154,"column":null}},"50":{"start":{"line":112,"column":13},"end":{"line":112,"column":20}},"51":{"start":{"line":156,"column":2},"end":{"line":156,"column":null}},"52":{"start":{"line":157,"column":2},"end":{"line":161,"column":null}},"53":{"start":{"line":158,"column":4},"end":{"line":160,"column":null}},"54":{"start":{"line":158,"column":17},"end":{"line":158,"column":18}},"55":{"start":{"line":159,"column":6},"end":{"line":159,"column":null}},"56":{"start":{"line":240,"column":2},"end":{"line":240,"column":5}},"57":{"start":{"line":168,"column":74},"end":{"line":168,"column":117}},"58":{"start":{"line":168,"column":117},"end":{"line":168,"column":165}},"59":{"start":{"line":168,"column":165},"end":{"line":168,"column":null}},"60":{"start":{"line":169,"column":2},"end":{"line":229,"column":null}},"61":{"start":{"line":170,"column":4},"end":{"line":170,"column":null}},"62":{"start":{"line":172,"column":7},"end":{"line":229,"column":null}},"63":{"start":{"line":173,"column":4},"end":{"line":175,"column":null}},"64":{"start":{"line":173,"column":17},"end":{"line":173,"column":18}},"65":{"start":{"line":174,"column":6},"end":{"line":174,"column":null}},"66":{"start":{"line":177,"column":7},"end":{"line":229,"column":null}},"67":{"start":{"line":178,"column":4},"end":{"line":212,"column":null}},"68":{"start":{"line":179,"column":6},"end":{"line":179,"column":null}},"69":{"start":{"line":181,"column":38},"end":{"line":181,"column":59}},"70":{"start":{"line":181,"column":17},"end":{"line":181,"column":19}},"71":{"start":{"line":181,"column":24},"end":{"line":181,"column":26}},"72":{"start":{"line":181,"column":34},"end":{"line":181,"column":38}},"73":{"start":{"line":182,"column":6},"end":{"line":211,"column":null}},"74":{"start":{"line":183,"column":8},"end":{"line":183,"column":null}},"75":{"start":{"line":184,"column":13},"end":{"line":211,"column":null}},"76":{"start":{"line":185,"column":8},"end":{"line":189,"column":null}},"77":{"start":{"line":186,"column":10},"end":{"line":186,"column":null}},"78":{"start":{"line":188,"column":10},"end":{"line":188,"column":null}},"79":{"start":{"line":190,"column":13},"end":{"line":211,"column":null}},"80":{"start":{"line":191,"column":28},"end":{"line":191,"column":48}},"81":{"start":{"line":192,"column":8},"end":{"line":209,"column":null}},"82":{"start":{"line":193,"column":10},"end":{"line":193,"column":null}},"83":{"start":{"line":194,"column":28},"end":{"line":194,"column":62}},"84":{"start":{"line":195,"column":10},"end":{"line":197,"column":null}},"85":{"start":{"line":196,"column":12},"end":{"line":196,"column":null}},"86":{"start":{"line":196,"column":31},"end":{"line":196,"column":54}},"87":{"start":{"line":198,"column":10},"end":{"line":198,"column":null}},"88":{"start":{"line":199,"column":10},"end":{"line":201,"column":null}},"89":{"start":{"line":200,"column":12},"end":{"line":200,"column":null}},"90":{"start":{"line":203,"column":10},"end":{"line":203,"column":null}},"91":{"start":{"line":204,"column":30},"end":{"line":204,"column":44}},"92":{"start":{"line":205,"column":10},"end":{"line":205,"column":null}},"93":{"start":{"line":206,"column":10},"end":{"line":206,"column":null}},"94":{"start":{"line":207,"column":10},"end":{"line":207,"column":null}},"95":{"start":{"line":207,"column":44},"end":{"line":207,"column":54}},"96":{"start":{"line":208,"column":10},"end":{"line":208,"column":null}},"97":{"start":{"line":210,"column":8},"end":{"line":210,"column":null}},"98":{"start":{"line":214,"column":7},"end":{"line":229,"column":null}},"99":{"start":{"line":215,"column":20},"end":{"line":215,"column":69}},"100":{"start":{"line":216,"column":4},"end":{"line":216,"column":null}},"101":{"start":{"line":217,"column":4},"end":{"line":225,"column":null}},"102":{"start":{"line":218,"column":6},"end":{"line":220,"column":null}},"103":{"start":{"line":219,"column":8},"end":{"line":219,"column":null}},"104":{"start":{"line":221,"column":26},"end":{"line":221,"column":46}},"105":{"start":{"line":222,"column":6},"end":{"line":222,"column":null}},"106":{"start":{"line":223,"column":6},"end":{"line":223,"column":null}},"107":{"start":{"line":224,"column":6},"end":{"line":224,"column":null}},"108":{"start":{"line":227,"column":7},"end":{"line":229,"column":null}},"109":{"start":{"line":228,"column":4},"end":{"line":228,"column":null}},"110":{"start":{"line":230,"column":2},"end":{"line":230,"column":null}},"111":{"start":{"line":239,"column":2},"end":{"line":239,"column":7}},"112":{"start":{"line":233,"column":0},"end":{"line":233,"column":null}},"113":{"start":{"line":234,"column":0},"end":{"line":234,"column":null}},"114":{"start":{"line":261,"column":0},"end":{"line":261,"column":8}},"115":{"start":{"line":261,"column":8},"end":{"line":261,"column":33}},"116":{"start":{"line":262,"column":0},"end":{"line":262,"column":26}}},"fnMap":{"0":{"name":"create","decl":{"start":{"line":81,"column":9},"end":{"line":81,"column":15}},"loc":{"start":{"line":81,"column":93},"end":{"line":93,"column":1}}},"1":{"name":"isComponent","decl":{"start":{"line":94,"column":9},"end":{"line":94,"column":20}},"loc":{"start":{"line":94,"column":45},"end":{"line":96,"column":1}}},"2":{"name":"isContextNode","decl":{"start":{"line":97,"column":9},"end":{"line":97,"column":22}},"loc":{"start":{"line":97,"column":34},"end":{"line":99,"column":1}}},"3":{"name":"onMounted","decl":{"start":{"line":102,"column":9},"end":{"line":102,"column":18}},"loc":{"start":{"line":102,"column":39},"end":{"line":104,"column":1}}},"4":{"name":"dom","decl":{"start":{"line":108,"column":9},"end":{"line":108,"column":12}},"loc":{"start":{"line":108,"column":38},"end":{"line":162,"column":1}}},"5":{"name":"(anonymous_11)","decl":{"start":{"line":130,"column":22},"end":{"line":130,"column":28}},"loc":{"start":{"line":130,"column":28},"end":{"line":142,"column":13}}},"6":{"name":"innet","decl":{"start":{"line":168,"column":9},"end":{"line":168,"column":14}},"loc":{"start":{"line":168,"column":205},"end":{"line":231,"column":1}}},"7":{"name":"(anonymous_13)","decl":{"start":{"line":196,"column":25},"end":{"line":196,"column":31}},"loc":{"start":{"line":196,"column":25},"end":{"line":196,"column":40}}},"8":{"name":"(anonymous_14)","decl":{"start":{"line":207,"column":33},"end":{"line":207,"column":40}},"loc":{"start":{"line":207,"column":40},"end":{"line":207,"column":51}}},"9":{"name":"(anonymous_15)","decl":{"start":{"line":217,"column":14},"end":{"line":217,"column":20}},"loc":{"start":{"line":217,"column":20},"end":{"line":225,"column":5}}},"10":{"name":"(anonymous_16)","decl":{"start":{"line":261,"column":8},"end":{"line":261,"column":15}},"loc":{"start":{"line":261,"column":8},"end":{"line":261,"column":33}}}},"branchMap":{"0":{"loc":{"start":{"line":83,"column":2},"end":{"line":85,"column":null}},"type":"if","locations":[{"start":{"line":83,"column":2},"end":{"line":85,"column":null}},{"start":{"line":83,"column":2},"end":{"line":85,"column":null}}]},"1":{"loc":{"start":{"line":86,"column":2},"end":{"line":88,"column":null}},"type":"if","locations":[{"start":{"line":86,"column":2},"end":{"line":88,"column":null}},{"start":{"line":86,"column":2},"end":{"line":88,"column":null}}]},"2":{"loc":{"start":{"line":89,"column":2},"end":{"line":91,"column":null}},"type":"if","locations":[{"start":{"line":89,"column":2},"end":{"line":91,"column":null}},{"start":{"line":89,"column":2},"end":{"line":91,"column":null}}]},"3":{"loc":{"start":{"line":95,"column":26},"end":{"line":95,"column":28}},"type":"cond-expr","locations":[{"start":{"line":95,"column":26},"end":{"line":95,"column":28}},{"start":{"line":95,"column":21},"end":{"line":95,"column":37}}]},"4":{"loc":{"start":{"line":95,"column":21},"end":{"line":95,"column":28}},"type":"binary-expr","locations":[{"start":{"line":95,"column":21},"end":{"line":95,"column":28}},{"start":{"line":95,"column":21},"end":{"line":95,"column":28}}]},"5":{"loc":{"start":{"line":111,"column":2},"end":{"line":155,"column":null}},"type":"if","locations":[{"start":{"line":111,"column":2},"end":{"line":155,"column":null}},{"start":{"line":111,"column":2},"end":{"line":155,"column":null}}]},"6":{"loc":{"start":{"line":113,"column":6},"end":{"line":153,"column":null}},"type":"if","locations":[{"start":{"line":113,"column":6},"end":{"line":153,"column":null}},{"start":{"line":113,"column":6},"end":{"line":153,"column":null}}]},"7":{"loc":{"start":{"line":118,"column":8},"end":{"line":152,"column":null}},"type":"if","locations":[{"start":{"line":118,"column":8},"end":{"line":152,"column":null}},{"start":{"line":118,"column":8},"end":{"line":152,"column":null}}]},"8":{"loc":{"start":{"line":122,"column":27},"end":{"line":122,"column":34}},"type":"binary-expr","locations":[{"start":{"line":122,"column":27},"end":{"line":122,"column":34}},{"start":{"line":122,"column":38},"end":{"line":122,"column":52}}]},"9":{"loc":{"start":{"line":123,"column":31},"end":{"line":123,"column":38}},"type":"binary-expr","locations":[{"start":{"line":123,"column":31},"end":{"line":123,"column":38}},{"start":{"line":123,"column":42},"end":{"line":123,"column":51}}]},"10":{"loc":{"start":{"line":125,"column":10},"end":{"line":127,"column":null}},"type":"if","locations":[{"start":{"line":125,"column":10},"end":{"line":127,"column":null}},{"start":{"line":125,"column":10},"end":{"line":127,"column":null}}]},"11":{"loc":{"start":{"line":129,"column":10},"end":{"line":151,"column":null}},"type":"if","locations":[{"start":{"line":129,"column":10},"end":{"line":151,"column":null}},{"start":{"line":129,"column":10},"end":{"line":151,"column":null}}]},"12":{"loc":{"start":{"line":132,"column":14},"end":{"line":134,"column":null}},"type":"if","locations":[{"start":{"line":132,"column":14},"end":{"line":134,"column":null}},{"start":{"line":132,"column":14},"end":{"line":134,"column":null}}]},"13":{"loc":{"start":{"line":135,"column":14},"end":{"line":141,"column":null}},"type":"if","locations":[{"start":{"line":135,"column":14},"end":{"line":141,"column":null}},{"start":{"line":135,"column":14},"end":{"line":141,"column":null}}]},"14":{"loc":{"start":{"line":136,"column":16},"end":{"line":140,"column":null}},"type":"if","locations":[{"start":{"line":136,"column":16},"end":{"line":140,"column":null}},{"start":{"line":136,"column":16},"end":{"line":140,"column":null}}]},"15":{"loc":{"start":{"line":145,"column":12},"end":{"line":147,"column":null}},"type":"if","locations":[{"start":{"line":145,"column":12},"end":{"line":147,"column":null}},{"start":{"line":145,"column":12},"end":{"line":147,"column":null}}]},"16":{"loc":{"start":{"line":148,"column":12},"end":{"line":150,"column":null}},"type":"if","locations":[{"start":{"line":148,"column":12},"end":{"line":150,"column":null}},{"start":{"line":148,"column":12},"end":{"line":150,"column":null}}]},"17":{"loc":{"start":{"line":148,"column":16},"end":{"line":148,"column":28}},"type":"binary-expr","locations":[{"start":{"line":148,"column":16},"end":{"line":148,"column":28}},{"start":{"line":148,"column":32},"end":{"line":148,"column":51}}]},"18":{"loc":{"start":{"line":157,"column":2},"end":{"line":161,"column":null}},"type":"if","locations":[{"start":{"line":157,"column":2},"end":{"line":161,"column":null}},{"start":{"line":157,"column":2},"end":{"line":161,"column":null}}]},"19":{"loc":{"start":{"line":168,"column":74},"end":{"line":168,"column":117}},"type":"if","locations":[{"start":{"line":168,"column":74},"end":{"line":168,"column":117}},{"start":{"line":168,"column":74},"end":{"line":168,"column":117}}]},"20":{"loc":{"start":{"line":168,"column":117},"end":{"line":168,"column":165}},"type":"if","locations":[{"start":{"line":168,"column":117},"end":{"line":168,"column":165}},{"start":{"line":168,"column":117},"end":{"line":168,"column":165}}]},"21":{"loc":{"start":{"line":168,"column":165},"end":{"line":168,"column":null}},"type":"if","locations":[{"start":{"line":168,"column":165},"end":{"line":168,"column":null}},{"start":{"line":168,"column":165},"end":{"line":168,"column":null}}]},"22":{"loc":{"start":{"line":169,"column":2},"end":{"line":229,"column":null}},"type":"if","locations":[{"start":{"line":169,"column":2},"end":{"line":229,"column":null}},{"start":{"line":169,"column":2},"end":{"line":229,"column":null}}]},"23":{"loc":{"start":{"line":172,"column":7},"end":{"line":229,"column":null}},"type":"if","locations":[{"start":{"line":172,"column":7},"end":{"line":229,"column":null}},{"start":{"line":172,"column":7},"end":{"line":229,"column":null}}]},"24":{"loc":{"start":{"line":177,"column":7},"end":{"line":229,"column":null}},"type":"if","locations":[{"start":{"line":177,"column":7},"end":{"line":229,"column":null}},{"start":{"line":177,"column":7},"end":{"line":229,"column":null}}]},"25":{"loc":{"start":{"line":177,"column":11},"end":{"line":177,"column":38}},"type":"binary-expr","locations":[{"start":{"line":177,"column":11},"end":{"line":177,"column":38}},{"start":{"line":177,"column":42},"end":{"line":177,"column":58}}]},"26":{"loc":{"start":{"line":178,"column":4},"end":{"line":212,"column":null}},"type":"if","locations":[{"start":{"line":178,"column":4},"end":{"line":212,"column":null}},{"start":{"line":178,"column":4},"end":{"line":212,"column":null}}]},"27":{"loc":{"start":{"line":182,"column":6},"end":{"line":211,"column":null}},"type":"if","locations":[{"start":{"line":182,"column":6},"end":{"line":211,"column":null}},{"start":{"line":182,"column":6},"end":{"line":211,"column":null}}]},"28":{"loc":{"start":{"line":184,"column":13},"end":{"line":211,"column":null}},"type":"if","locations":[{"start":{"line":184,"column":13},"end":{"line":211,"column":null}},{"start":{"line":184,"column":13},"end":{"line":211,"column":null}}]},"29":{"loc":{"start":{"line":185,"column":8},"end":{"line":189,"column":null}},"type":"if","locations":[{"start":{"line":185,"column":8},"end":{"line":189,"column":null}},{"start":{"line":185,"column":8},"end":{"line":189,"column":null}}]},"30":{"loc":{"start":{"line":190,"column":13},"end":{"line":211,"column":null}},"type":"if","locations":[{"start":{"line":190,"column":13},"end":{"line":211,"column":null}},{"start":{"line":190,"column":13},"end":{"line":211,"column":null}}]},"31":{"loc":{"start":{"line":192,"column":8},"end":{"line":209,"column":null}},"type":"if","locations":[{"start":{"line":192,"column":8},"end":{"line":209,"column":null}},{"start":{"line":192,"column":8},"end":{"line":209,"column":null}}]},"32":{"loc":{"start":{"line":195,"column":10},"end":{"line":197,"column":null}},"type":"if","locations":[{"start":{"line":195,"column":10},"end":{"line":197,"column":null}},{"start":{"line":195,"column":10},"end":{"line":197,"column":null}}]},"33":{"loc":{"start":{"line":199,"column":10},"end":{"line":201,"column":null}},"type":"if","locations":[{"start":{"line":199,"column":10},"end":{"line":201,"column":null}},{"start":{"line":199,"column":10},"end":{"line":201,"column":null}}]},"34":{"loc":{"start":{"line":214,"column":7},"end":{"line":229,"column":null}},"type":"if","locations":[{"start":{"line":214,"column":7},"end":{"line":229,"column":null}},{"start":{"line":214,"column":7},"end":{"line":229,"column":null}}]},"35":{"loc":{"start":{"line":218,"column":6},"end":{"line":220,"column":null}},"type":"if","locations":[{"start":{"line":218,"column":6},"end":{"line":220,"column":null}},{"start":{"line":218,"column":6},"end":{"line":220,"column":null}}]},"36":{"loc":{"start":{"line":227,"column":7},"end":{"line":229,"column":null}},"type":"if","locations":[{"start":{"line":227,"column":7},"end":{"line":229,"column":null}},{"start":{"line":227,"column":7},"end":{"line":229,"column":null}}]},"37":{"loc":{"start":{"line":227,"column":11},"end":{"line":227,"column":38}},"type":"binary-expr","locations":[{"start":{"line":227,"column":11},"end":{"line":227,"column":38}},{"start":{"line":227,"column":42},"end":{"line":227,"column":69}}]}},"s":{"0":4,"1":4,"2":4,"3":4,"4":4,"5":399,"6":137,"7":137,"8":131,"9":137,"10":45,"11":137,"12":74,"13":137,"14":4,"15":48,"16":4,"17":146,"18":4,"19":0,"20":4,"21":4,"22":4,"23":222,"24":74,"25":74,"26":17,"27":4,"28":13,"29":13,"30":3,"31":10,"32":10,"33":10,"34":10,"35":0,"36":10,"37":4,"38":9,"39":9,"40":0,"41":9,"42":9,"43":0,"44":9,"45":6,"46":0,"47":6,"48":6,"49":16,"50":17,"51":74,"52":74,"53":52,"54":52,"55":101,"56":4,"57":474,"58":627,"59":639,"60":473,"61":75,"62":398,"63":18,"64":18,"65":29,"66":380,"67":146,"68":6,"69":140,"70":140,"71":140,"72":140,"73":140,"74":6,"75":134,"76":86,"77":12,"78":74,"79":48,"80":48,"81":48,"82":18,"83":18,"84":18,"85":2,"86":2,"87":18,"88":18,"89":4,"90":30,"91":30,"92":30,"93":30,"94":30,"95":0,"96":30,"97":48,"98":234,"99":54,"100":54,"101":54,"102":93,"103":39,"104":93,"105":93,"106":93,"107":93,"108":180,"109":133,"110":473,"111":4,"112":4,"113":4,"114":4,"115":4,"116":4},"f":{"0":137,"1":48,"2":146,"3":0,"4":74,"5":9,"6":473,"7":2,"8":0,"9":93,"10":0},"b":{"0":[131,6],"1":[45,92],"2":[74,63],"3":[0,48],"4":[48,48],"5":[16,58],"6":[4,13],"7":[3,10],"8":[10,10],"9":[10,10],"10":[0,10],"11":[4,6],"12":[0,9],"13":[9,0],"14":[0,9],"15":[0,6],"16":[6,0],"17":[6,6],"18":[52,22],"19":[1,472],"20":[154,319],"21":[166,307],"22":[75,398],"23":[18,380],"24":[146,234],"25":[380,150],"26":[6,140],"27":[6,134],"28":[86,48],"29":[12,74],"30":[48,0],"31":[18,30],"32":[2,16],"33":[4,14],"34":[54,180],"35":[39,54],"36":[133,47],"37":[180,87]}}
,"/Users/mihaillysikov/deight/innet-1/src/renderElement.ts": {"path":"/Users/mihaillysikov/deight/innet-1/src/renderElement.ts","statementMap":{"0":{"start":{"line":1,"column":0},"end":{"line":1,"column":48}},"1":{"start":{"line":4,"column":17},"end":{"line":4,"column":50}},"2":{"start":{"line":5,"column":2},"end":{"line":5,"column":null}},"3":{"start":{"line":6,"column":2},"end":{"line":6,"column":null}},"4":{"start":{"line":9,"column":0},"end":{"line":9,"column":null}}},"fnMap":{"0":{"name":"renderElement","decl":{"start":{"line":3,"column":9},"end":{"line":3,"column":22}},"loc":{"start":{"line":3,"column":66},"end":{"line":7,"column":1}}}},"branchMap":{},"s":{"0":4,"1":85,"2":85,"3":85,"4":4},"f":{"0":85},"b":{}}
,"/Users/mihaillysikov/deight/innet-1/src/Context/Context.ts": {"path":"/Users/mihaillysikov/deight/innet-1/src/Context/Context.ts","statementMap":{"0":{"start":{"line":2,"column":0},"end":{"line":2,"column":28}},"1":{"start":{"line":5,"column":0},"end":{"line":5,"column":null}},"2":{"start":{"line":8,"column":22},"end":{"line":8,"column":37}},"3":{"start":{"line":6,"column":2},"end":{"line":6,"column":null}},"4":{"start":{"line":10,"column":2},"end":{"line":15,"column":null}},"5":{"start":{"line":11,"column":4},"end":{"line":14,"column":null}},"6":{"start":{"line":17,"column":2},"end":{"line":21,"column":null}},"7":{"start":{"line":18,"column":29},"end":{"line":18,"column":null}},"8":{"start":{"line":19,"column":18},"end":{"line":19,"column":null}},"9":{"start":{"line":20,"column":4},"end":{"line":20,"column":null}},"10":{"start":{"line":22,"column":0},"end":{"line":22,"column":null}},"11":{"start":{"line":27,"column":2},"end":{"line":27,"column":9}},"12":{"start":{"line":24,"column":0},"end":{"line":24,"column":null}}},"fnMap":{"0":{"name":"(anonymous_1)","decl":{"start":{"line":5,"column":0},"end":{"line":5,"column":null}},"loc":{"start":{"line":5,"column":0},"end":{"line":22,"column":null}}},"1":{"name":"Context","decl":{"start":{"line":8,"column":2},"end":{"line":8,"column":22}},"loc":{"start":{"line":8,"column":37},"end":{"line":8,"column":41}}},"2":{"name":"(anonymous_3)","decl":{"start":{"line":10,"column":2},"end":{"line":10,"column":9}},"loc":{"start":{"line":10,"column":38},"end":{"line":15,"column":3}}},"3":{"name":"(anonymous_4)","decl":{"start":{"line":17,"column":2},"end":{"line":17,"column":6}},"loc":{"start":{"line":17,"column":2},"end":{"line":21,"column":3}}}},"branchMap":{"0":{"loc":{"start":{"line":20,"column":35},"end":{"line":20,"column":54}},"type":"cond-expr","locations":[{"start":{"line":20,"column":35},"end":{"line":20,"column":54}},{"start":{"line":20,"column":57},"end":{"line":20,"column":74}}]}},"s":{"0":4,"1":4,"2":2,"3":2,"4":4,"5":6,"6":4,"7":8,"8":8,"9":8,"10":4,"11":4,"12":4},"f":{"0":4,"1":2,"2":6,"3":8},"b":{"0":[6,2]}}
,"/Users/mihaillysikov/deight/innet-1/src/Context/index.ts": {"path":"/Users/mihaillysikov/deight/innet-1/src/Context/index.ts","statementMap":{"0":{"start":{"line":1,"column":0},"end":{"line":1,"column":8}},"1":{"start":{"line":1,"column":8},"end":{"line":1,"column":33}},"2":{"start":{"line":2,"column":0},"end":{"line":2,"column":25}}},"fnMap":{"0":{"name":"(anonymous_5)","decl":{"start":{"line":1,"column":8},"end":{"line":1,"column":15}},"loc":{"start":{"line":1,"column":8},"end":{"line":1,"column":33}}}},"branchMap":{},"s":{"0":4,"1":4,"2":4},"f":{"0":0},"b":{}}
,"/Users/mihaillysikov/deight/innet-1/src/Ref/Ref.ts": {"path":"/Users/mihaillysikov/deight/innet-1/src/Ref/Ref.ts","statementMap":{"0":{"start":{"line":1,"column":0},"end":{"line":1,"column":28}},"1":{"start":{"line":3,"column":0},"end":{"line":3,"column":null}},"2":{"start":{"line":4,"column":2},"end":{"line":4,"column":null}},"3":{"start":{"line":5,"column":2},"end":{"line":7,"column":null}},"4":{"start":{"line":6,"column":4},"end":{"line":6,"column":null}},"5":{"start":{"line":8,"column":0},"end":{"line":8,"column":null}},"6":{"start":{"line":13,"column":2},"end":{"line":13,"column":5}},"7":{"start":{"line":10,"column":0},"end":{"line":10,"column":null}}},"fnMap":{"0":{"name":"(anonymous_1)","decl":{"start":{"line":3,"column":0},"end":{"line":3,"column":null}},"loc":{"start":{"line":3,"column":0},"end":{"line":8,"column":null}}},"1":{"name":"(anonymous_3)","decl":{"start":{"line":5,"column":2},"end":{"line":5,"column":6}},"loc":{"start":{"line":5,"column":2},"end":{"line":7,"column":3}}}},"branchMap":{},"s":{"0":4,"1":4,"2":3,"3":4,"4":6,"5":4,"6":4,"7":4},"f":{"0":7,"1":6},"b":{}}
,"/Users/mihaillysikov/deight/innet-1/src/Ref/index.ts": {"path":"/Users/mihaillysikov/deight/innet-1/src/Ref/index.ts","statementMap":{"0":{"start":{"line":1,"column":0},"end":{"line":1,"column":8}},"1":{"start":{"line":1,"column":8},"end":{"line":1,"column":29}},"2":{"start":{"line":2,"column":0},"end":{"line":2,"column":21}}},"fnMap":{"0":{"name":"(anonymous_5)","decl":{"start":{"line":1,"column":8},"end":{"line":1,"column":15}},"loc":{"start":{"line":1,"column":8},"end":{"line":1,"column":29}}}},"branchMap":{},"s":{"0":4,"1":8,"2":4},"f":{"0":4},"b":{}}
,"/Users/mihaillysikov/deight/innet-1/src/domUtils/domUtils.ts": {"path":"/Users/mihaillysikov/deight/innet-1/src/domUtils/domUtils.ts","statementMap":{"0":{"start":{"line":7,"column":2},"end":{"line":11,"column":null}},"1":{"start":{"line":8,"column":21},"end":{"line":8,"column":45}},"2":{"start":{"line":9,"column":4},"end":{"line":9,"column":null}},"3":{"start":{"line":10,"column":4},"end":{"line":10,"column":null}},"4":{"start":{"line":14,"column":2},"end":{"line":14,"column":null}},"5":{"start":{"line":15,"column":2},"end":{"line":17,"column":null}},"6":{"start":{"line":16,"column":4},"end":{"line":16,"column":null}},"7":{"start":{"line":20,"column":2},"end":{"line":27,"column":null}},"8":{"start":{"line":21,"column":4},"end":{"line":26,"column":null}},"9":{"start":{"line":22,"column":6},"end":{"line":22,"column":null}},"10":{"start":{"line":23,"column":6},"end":{"line":23,"column":null}},"11":{"start":{"line":25,"column":6},"end":{"line":25,"column":null}},"12":{"start":{"line":29,"column":69},"end":{"line":29,"column":null}},"13":{"start":{"line":30,"column":2},"end":{"line":33,"column":null}},"14":{"start":{"line":31,"column":19},"end":{"line":31,"column":48}},"15":{"start":{"line":32,"column":4},"end":{"line":32,"column":null}},"16":{"start":{"line":37,"column":2},"end":{"line":37,"column":null}},"17":{"start":{"line":38,"column":2},"end":{"line":38,"column":null}},"18":{"start":{"line":95,"column":2},"end":{"line":95,"column":7}},"19":{"start":{"line":41,"column":2},"end":{"line":41,"column":null}},"20":{"start":{"line":42,"column":2},"end":{"line":42,"column":null}},"21":{"start":{"line":90,"column":2},"end":{"line":90,"column":8}},"22":{"start":{"line":45,"column":2},"end":{"line":45,"column":null}},"23":{"start":{"line":46,"column":2},"end":{"line":46,"column":null}},"24":{"start":{"line":47,"column":2},"end":{"line":51,"column":null}},"25":{"start":{"line":48,"column":4},"end":{"line":48,"column":null}},"26":{"start":{"line":50,"column":4},"end":{"line":50,"column":null}},"27":{"start":{"line":52,"column":2},"end":{"line":52,"column":null}},"28":{"start":{"line":91,"column":2},"end":{"line":91,"column":8}},"29":{"start":{"line":55,"column":2},"end":{"line":55,"column":null}},"30":{"start":{"line":56,"column":2},"end":{"line":65,"column":null}},"31":{"start":{"line":57,"column":4},"end":{"line":57,"column":null}},"32":{"start":{"line":58,"column":4},"end":{"line":60,"column":null}},"33":{"start":{"line":59,"column":6},"end":{"line":59,"column":null}},"34":{"start":{"line":61,"column":4},"end":{"line":61,"column":35}},"35":{"start":{"line":62,"column":4},"end":{"line":62,"column":null}},"36":{"start":{"line":64,"column":4},"end":{"line":64,"column":null}},"37":{"start":{"line":66,"column":2},"end":{"line":66,"column":null}},"38":{"start":{"line":92,"column":2},"end":{"line":92,"column":9}},"39":{"start":{"line":69,"column":2},"end":{"line":69,"column":null}},"40":{"start":{"line":70,"column":2},"end":{"line":79,"column":null}},"41":{"start":{"line":71,"column":4},"end":{"line":71,"column":null}},"42":{"start":{"line":72,"column":4},"end":{"line":74,"column":null}},"43":{"start":{"line":73,"column":6},"end":{"line":73,"column":null}},"44":{"start":{"line":75,"column":4},"end":{"line":75,"column":null}},"45":{"start":{"line":76,"column":4},"end":{"line":76,"column":null}},"46":{"start":{"line":78,"column":4},"end":{"line":78,"column":null}},"47":{"start":{"line":80,"column":2},"end":{"line":80,"column":null}},"48":{"start":{"line":93,"column":2},"end":{"line":93,"column":8}},"49":{"start":{"line":83,"column":2},"end":{"line":83,"column":null}},"50":{"start":{"line":84,"column":2},"end":{"line":84,"column":null}},"51":{"start":{"line":85,"column":2},"end":{"line":85,"column":null}},"52":{"start":{"line":86,"column":2},"end":{"line":86,"column":null}},"53":{"start":{"line":94,"column":2},"end":{"line":94,"column":7}}},"fnMap":{"0":{"name":"removeParentChild","decl":{"start":{"line":6,"column":9},"end":{"line":6,"column":26}},"loc":{"start":{"line":6,"column":51},"end":{"line":12,"column":1}}},"1":{"name":"removeElements","decl":{"start":{"line":13,"column":9},"end":{"line":13,"column":23}},"loc":{"start":{"line":13,"column":47},"end":{"line":18,"column":1}}},"2":{"name":"updateChildren","decl":{"start":{"line":19,"column":9},"end":{"line":19,"column":23}},"loc":{"start":{"line":19,"column":48},"end":{"line":28,"column":1}}},"3":{"name":"insertChild","decl":{"start":{"line":29,"column":9},"end":{"line":29,"column":20}},"loc":{"start":{"line":29,"column":79},"end":{"line":34,"column":1}}},"4":{"name":"clear","decl":{"start":{"line":36,"column":9},"end":{"line":36,"column":14}},"loc":{"start":{"line":36,"column":31},"end":{"line":39,"column":1}}},"5":{"name":"remove","decl":{"start":{"line":40,"column":9},"end":{"line":40,"column":15}},"loc":{"start":{"line":40,"column":39},"end":{"line":43,"column":1}}},"6":{"name":"before","decl":{"start":{"line":44,"column":9},"end":{"line":44,"column":15}},"loc":{"start":{"line":44,"column":62},"end":{"line":53,"column":1}}},"7":{"name":"prepend","decl":{"start":{"line":54,"column":9},"end":{"line":54,"column":16}},"loc":{"start":{"line":54,"column":82},"end":{"line":67,"column":1}}},"8":{"name":"append","decl":{"start":{"line":68,"column":9},"end":{"line":68,"column":15}},"loc":{"start":{"line":68,"column":81},"end":{"line":81,"column":1}}},"9":{"name":"after","decl":{"start":{"line":82,"column":9},"end":{"line":82,"column":14}},"loc":{"start":{"line":82,"column":61},"end":{"line":87,"column":1}}}},"branchMap":{"0":{"loc":{"start":{"line":7,"column":2},"end":{"line":11,"column":null}},"type":"if","locations":[{"start":{"line":7,"column":2},"end":{"line":11,"column":null}},{"start":{"line":7,"column":2},"end":{"line":11,"column":null}}]},"1":{"loc":{"start":{"line":15,"column":2},"end":{"line":17,"column":null}},"type":"if","locations":[{"start":{"line":15,"column":2},"end":{"line":17,"column":null}},{"start":{"line":15,"column":2},"end":{"line":17,"column":null}}]},"2":{"loc":{"start":{"line":20,"column":2},"end":{"line":27,"column":null}},"type":"if","locations":[{"start":{"line":20,"column":2},"end":{"line":27,"column":null}},{"start":{"line":20,"column":2},"end":{"line":27,"column":null}}]},"3":{"loc":{"start":{"line":21,"column":4},"end":{"line":26,"column":null}},"type":"if","locations":[{"start":{"line":21,"column":4},"end":{"line":26,"column":null}},{"start":{"line":21,"column":4},"end":{"line":26,"column":null}}]},"4":{"loc":{"start":{"line":29,"column":69},"end":{"line":29,"column":null}},"type":"if","locations":[{"start":{"line":29,"column":69},"end":{"line":29,"column":null}},{"start":{"line":29,"column":69},"end":{"line":29,"column":null}}]},"5":{"loc":{"start":{"line":30,"column":2},"end":{"line":33,"column":null}},"type":"if","locations":[{"start":{"line":30,"column":2},"end":{"line":33,"column":null}},{"start":{"line":30,"column":2},"end":{"line":33,"column":null}}]},"6":{"loc":{"start":{"line":47,"column":2},"end":{"line":51,"column":null}},"type":"if","locations":[{"start":{"line":47,"column":2},"end":{"line":51,"column":null}},{"start":{"line":47,"column":2},"end":{"line":51,"column":null}}]},"7":{"loc":{"start":{"line":48,"column":5},"end":{"line":48,"column":24}},"type":"binary-expr","locations":[{"start":{"line":48,"column":5},"end":{"line":48,"column":24}},{"start":{"line":48,"column":28},"end":{"line":48,"column":34}}]},"8":{"loc":{"start":{"line":56,"column":2},"end":{"line":65,"column":null}},"type":"if","locations":[{"start":{"line":56,"column":2},"end":{"line":65,"column":null}},{"start":{"line":56,"column":2},"end":{"line":65,"column":null}}]},"9":{"loc":{"start":{"line":58,"column":4},"end":{"line":60,"column":null}},"type":"if","locations":[{"start":{"line":58,"column":4},"end":{"line":60,"column":null}},{"start":{"line":58,"column":4},"end":{"line":60,"column":null}}]},"10":{"loc":{"start":{"line":62,"column":5},"end":{"line":62,"column":24}},"type":"binary-expr","locations":[{"start":{"line":62,"column":5},"end":{"line":62,"column":24}},{"start":{"line":62,"column":28},"end":{"line":62,"column":34}}]},"11":{"loc":{"start":{"line":70,"column":2},"end":{"line":79,"column":null}},"type":"if","locations":[{"start":{"line":70,"column":2},"end":{"line":79,"column":null}},{"start":{"line":70,"column":2},"end":{"line":79,"column":null}}]},"12":{"loc":{"start":{"line":72,"column":4},"end":{"line":74,"column":null}},"type":"if","locations":[{"start":{"line":72,"column":4},"end":{"line":74,"column":null}},{"start":{"line":72,"column":4},"end":{"line":74,"column":null}}]}},"s":{"0":324,"1":16,"2":16,"3":16,"4":48,"5":48,"6":13,"7":323,"8":92,"9":9,"10":9,"11":83,"12":30,"13":18,"14":8,"15":8,"16":55,"17":55,"18":4,"19":10,"20":10,"21":4,"22":6,"23":6,"24":6,"25":3,"26":3,"27":6,"28":4,"29":10,"30":10,"31":10,"32":10,"33":0,"34":10,"35":10,"36":0,"37":10,"38":4,"39":286,"40":286,"41":91,"42":91,"43":0,"44":91,"45":91,"46":195,"47":286,"48":4,"49":12,"50":12,"51":12,"52":12,"53":4},"f":{"0":324,"1":48,"2":323,"3":18,"4":55,"5":10,"6":6,"7":10,"8":286,"9":12},"b":{"0":[16,308],"1":[13,35],"2":[92,231],"3":[9,83],"4":[12,6],"5":[8,10],"6":[3,3],"7":[3,1],"8":[10,0],"9":[0,10],"10":[10,6],"11":[91,195],"12":[0,91]}}
,"/Users/mihaillysikov/deight/innet-1/src/domUtils/index.ts": {"path":"/Users/mihaillysikov/deight/innet-1/src/domUtils/index.ts","statementMap":{"0":{"start":{"line":1,"column":0},"end":{"line":1,"column":26}}},"fnMap":{},"branchMap":{},"s":{"0":4},"f":{},"b":{}}
,"/Users/mihaillysikov/deight/innet-1/src/for/for.ts": {"path":"/Users/mihaillysikov/deight/innet-1/src/for/for.ts","statementMap":{"0":{"start":{"line":1,"column":0},"end":{"line":1,"column":77}},"1":{"start":{"line":2,"column":0},"end":{"line":2,"column":65}},"2":{"start":{"line":27,"column":2},"end":{"line":33,"column":null}},"3":{"start":{"line":28,"column":4},"end":{"line":28,"column":null}},"4":{"start":{"line":29,"column":9},"end":{"line":33,"column":null}},"5":{"start":{"line":30,"column":4},"end":{"line":30,"column":null}},"6":{"start":{"line":32,"column":4},"end":{"line":32,"column":null}},"7":{"start":{"line":37,"column":28},"end":{"line":37,"column":null}},"8":{"start":{"line":38,"column":43},"end":{"line":38,"column":null}},"9":{"start":{"line":38,"column":23},"end":{"line":38,"column":36}},"10":{"start":{"line":39,"column":29},"end":{"line":39,"column":52}},"11":{"start":{"line":40,"column":17},"end":{"line":40,"column":25}},"12":{"start":{"line":42,"column":2},"end":{"line":181,"column":null}},"13":{"start":{"line":43,"column":17},"end":{"line":43,"column":89}},"14":{"start":{"line":44,"column":24},"end":{"line":44,"column":53}},"15":{"start":{"line":46,"column":4},"end":{"line":46,"column":null}},"16":{"start":{"line":47,"column":4},"end":{"line":51,"column":null}},"17":{"start":{"line":48,"column":6},"end":{"line":48,"column":null}},"18":{"start":{"line":48,"column":27},"end":{"line":48,"column":28}},"19":{"start":{"line":48,"column":33},"end":{"line":48,"column":54}},"20":{"start":{"line":49,"column":6},"end":{"line":49,"column":31}},"21":{"start":{"line":50,"column":6},"end":{"line":50,"column":null}},"22":{"start":{"line":53,"column":14},"end":{"line":53,"column":36}},"23":{"start":{"line":54,"column":28},"end":{"line":54,"column":30}},"24":{"start":{"line":56,"column":4},"end":{"line":164,"column":null}},"25":{"start":{"line":57,"column":21},"end":{"line":57,"column":75}},"26":{"start":{"line":59,"column":6},"end":{"line":163,"column":null}},"27":{"start":{"line":60,"column":30},"end":{"line":60,"column":40}},"28":{"start":{"line":61,"column":23},"end":{"line":61,"column":26}},"29":{"start":{"line":62,"column":8},"end":{"line":62,"column":null}},"30":{"start":{"line":63,"column":8},"end":{"line":63,"column":null}},"31":{"start":{"line":64,"column":16},"end":{"line":64,"column":17}},"32":{"start":{"line":66,"column":10},"end":{"line":68,"column":null}},"33":{"start":{"line":69,"column":10},"end":{"line":73,"column":null}},"34":{"start":{"line":70,"column":12},"end":{"line":70,"column":null}},"35":{"start":{"line":71,"column":12},"end":{"line":71,"column":null}},"36":{"start":{"line":72,"column":12},"end":{"line":72,"column":null}},"37":{"start":{"line":75,"column":27},"end":{"line":75,"column":45}},"38":{"start":{"line":77,"column":10},"end":{"line":79,"column":null}},"39":{"start":{"line":80,"column":10},"end":{"line":114,"column":null}},"40":{"start":{"line":81,"column":12},"end":{"line":81,"column":null}},"41":{"start":{"line":82,"column":12},"end":{"line":82,"column":null}},"42":{"start":{"line":83,"column":17},"end":{"line":114,"column":null}},"43":{"start":{"line":84,"column":25},"end":{"line":84,"column":42}},"44":{"start":{"line":86,"column":12},"end":{"line":86,"column":null}},"45":{"start":{"line":87,"column":12},"end":{"line":87,"column":null}},"46":{"start":{"line":88,"column":12},"end":{"line":88,"column":null}},"47":{"start":{"line":89,"column":12},"end":{"line":93,"column":null}},"48":{"start":{"line":90,"column":14},"end":{"line":90,"column":null}},"49":{"start":{"line":92,"column":14},"end":{"line":92,"column":null}},"50":{"start":{"line":96,"column":28},"end":{"line":96,"column":54}},"51":{"start":{"line":98,"column":26},"end":{"line":98,"column":38}},"52":{"start":{"line":100,"column":12},"end":{"line":104,"column":null}},"53":{"start":{"line":101,"column":14},"end":{"line":101,"column":null}},"54":{"start":{"line":103,"column":14},"end":{"line":103,"column":null}},"55":{"start":{"line":106,"column":28},"end":{"line":111,"column":15}},"56":{"start":{"line":106,"column":42},"end":{"line":111,"column":15}},"57":{"start":{"line":107,"column":14},"end":{"line":109,"column":null}},"58":{"start":{"line":108,"column":16},"end":{"line":108,"column":null}},"59":{"start":{"line":110,"column":14},"end":{"line":110,"column":null}},"60":{"start":{"line":110,"column":42},"end":{"line":110,"column":54}},"61":{"start":{"line":113,"column":12},"end":{"line":113,"column":null}},"62":{"start":{"line":116,"column":10},"end":{"line":116,"column":null}},"63":{"start":{"line":117,"column":10},"end":{"line":117,"column":null}},"64":{"start":{"line":65,"column":8},"end":{"line":118,"column":null}},"65":{"start":{"line":65,"column":28},"end":{"line":65,"column":null}},"66":{"start":{"line":65,"column":34},"end":{"line":65,"column":null}},"67":{"start":{"line":65,"column":24},"end":{"line":65,"column":28}},"68":{"start":{"line":65,"column":19},"end":{"line":65,"column":28}},"69":{"start":{"line":119,"column":8},"end":{"line":122,"column":null}},"70":{"start":{"line":119,"column":32},"end":{"line":119,"column":34}},"71":{"start":{"line":119,"column":41},"end":{"line":119,"column":42}},"72":{"start":{"line":120,"column":10},"end":{"line":120,"column":null}},"73":{"start":{"line":121,"column":10},"end":{"line":121,"column":null}},"74":{"start":{"line":123,"column":8},"end":{"line":127,"column":null}},"75":{"start":{"line":124,"column":10},"end":{"line":126,"column":null}},"76":{"start":{"line":125,"column":12},"end":{"line":125,"column":null}},"77":{"start":{"line":125,"column":42},"end":{"line":125,"column":90}},"78":{"start":{"line":129,"column":16},"end":{"line":129,"column":17}},"79":{"start":{"line":132,"column":10},"end":{"line":134,"column":null}},"80":{"start":{"line":136,"column":27},"end":{"line":136,"column":45}},"81":{"start":{"line":138,"column":10},"end":{"line":140,"column":null}},"82":{"start":{"line":142,"column":26},"end":{"line":142,"column":52}},"83":{"start":{"line":144,"column":24},"end":{"line":144,"column":38}},"84":{"start":{"line":146,"column":10},"end":{"line":146,"column":null}},"85":{"start":{"line":148,"column":10},"end":{"line":148,"column":null}},"86":{"start":{"line":149,"column":26},"end":{"line":154,"column":13}},"87":{"start":{"line":149,"column":40},"end":{"line":154,"column":13}},"88":{"start":{"line":150,"column":12},"end":{"line":152,"column":null}},"89":{"start":{"line":151,"column":14},"end":{"line":151,"column":null}},"90":{"start":{"line":153,"column":12},"end":{"line":153,"column":null}},"91":{"start":{"line":153,"column":40},"end":{"line":153,"column":52}},"92":{"start":{"line":156,"column":10},"end":{"line":156,"column":null}},"93":{"start":{"line":131,"column":8},"end":{"line":157,"column":null}},"94":{"start":{"line":131,"column":28},"end":{"line":131,"column":null}},"95":{"start":{"line":131,"column":34},"end":{"line":131,"column":null}},"96":{"start":{"line":131,"column":24},"end":{"line":131,"column":28}},"97":{"start":{"line":131,"column":19},"end":{"line":131,"column":28}},"98":{"start":{"line":158,"column":8},"end":{"line":162,"column":null}},"99":{"start":{"line":159,"column":10},"end":{"line":161,"column":null}},"100":{"start":{"line":160,"column":12},"end":{"line":160,"column":null}},"101":{"start":{"line":160,"column":42},"end":{"line":160,"column":90}},"102":{"start":{"line":166,"column":19},"end":{"line":166,"column":21}},"103":{"start":{"line":167,"column":12},"end":{"line":167,"column":13}},"104":{"start":{"line":168,"column":4},"end":{"line":173,"column":null}},"105":{"start":{"line":168,"column":24},"end":{"line":168,"column":32}},"106":{"start":{"line":168,"column":30},"end":{"line":168,"column":32}},"107":{"start":{"line":168,"column":20},"end":{"line":168,"column":24}},"108":{"start":{"line":169,"column":6},"end":{"line":171,"column":null}},"109":{"start":{"line":170,"column":8},"end":{"line":170,"column":13}},"110":{"start":{"line":172,"column":6},"end":{"line":172,"column":null}},"111":{"start":{"line":174,"column":4},"end":{"line":180,"column":null}},"112":{"start":{"line":175,"column":6},"end":{"line":177,"column":null}},"113":{"start":{"line":176,"column":8},"end":{"line":176,"column":null}},"114":{"start":{"line":179,"column":6},"end":{"line":179,"column":null}},"115":{"start":{"line":184,"column":0},"end":{"line":184,"column":null}}},"fnMap":{"0":{"name":"getKey","decl":{"start":{"line":26,"column":9},"end":{"line":26,"column":15}},"loc":{"start":{"line":26,"column":27},"end":{"line":34,"column":1}}},"1":{"name":"For","decl":{"start":{"line":36,"column":9},"end":{"line":36,"column":12}},"loc":{"start":{"line":36,"column":45},"end":{"line":182,"column":1}}},"2":{"name":"(anonymous_10)","decl":{"start":{"line":47,"column":12},"end":{"line":47,"column":null}},"loc":{"start":{"line":47,"column":12},"end":{"line":51,"column":5}}},"3":{"name":"(anonymous_11)","decl":{"start":{"line":48,"column":18},"end":{"line":48,"column":19}},"loc":{"start":{"line":48,"column":28},"end":{"line":48,"column":40}}},"4":{"name":"(anonymous_12)","decl":{"start":{"line":56,"column":14},"end":{"line":56,"column":20}},"loc":{"start":{"line":56,"column":20},"end":{"line":164,"column":5}}},"5":{"name":"(anonymous_14)","decl":{"start":{"line":106,"column":36},"end":{"line":106,"column":42}},"loc":{"start":{"line":106,"column":36},"end":{"line":106,"column":46}}},"6":{"name":"(anonymous_15)","decl":{"start":{"line":106,"column":52},"end":{"line":106,"column":58}},"loc":{"start":{"line":106,"column":58},"end":{"line":111,"column":13}}},"7":{"name":"(anonymous_16)","decl":{"start":{"line":110,"column":36},"end":{"line":110,"column":42}},"loc":{"start":{"line":110,"column":36},"end":{"line":110,"column":47}}},"8":{"name":"(anonymous_17)","decl":{"start":{"line":119,"column":23},"end":{"line":119,"column":24}},"loc":{"start":{"line":119,"column":42},"end":{"line":122,"column":9}}},"9":{"name":"(anonymous_18)","decl":{"start":{"line":124,"column":18},"end":{"line":124,"column":null}},"loc":{"start":{"line":124,"column":18},"end":{"line":126,"column":11}}},"10":{"name":"(anonymous_19)","decl":{"start":{"line":125,"column":36},"end":{"line":125,"column":42}},"loc":{"start":{"line":125,"column":36},"end":{"line":125,"column":47}}},"11":{"name":"(anonymous_21)","decl":{"start":{"line":149,"column":34},"end":{"line":149,"column":40}},"loc":{"start":{"line":149,"column":34},"end":{"line":149,"column":44}}},"12":{"name":"(anonymous_22)","decl":{"start":{"line":149,"column":50},"end":{"line":149,"column":56}},"loc":{"start":{"line":149,"column":56},"end":{"line":154,"column":11}}},"13":{"name":"(anonymous_23)","decl":{"start":{"line":153,"column":34},"end":{"line":153,"column":40}},"loc":{"start":{"line":153,"column":34},"end":{"line":153,"column":45}}},"14":{"name":"(anonymous_24)","decl":{"start":{"line":159,"column":18},"end":{"line":159,"column":null}},"loc":{"start":{"line":159,"column":18},"end":{"line":161,"column":11}}},"15":{"name":"(anonymous_25)","decl":{"start":{"line":160,"column":36},"end":{"line":160,"column":42}},"loc":{"start":{"line":160,"column":36},"end":{"line":160,"column":47}}}},"branchMap":{"0":{"loc":{"start":{"line":27,"column":2},"end":{"line":33,"column":null}},"type":"if","locations":[{"start":{"line":27,"column":2},"end":{"line":33,"column":null}},{"start":{"line":27,"column":2},"end":{"line":33,"column":null}}]},"1":{"loc":{"start":{"line":29,"column":9},"end":{"line":33,"column":null}},"type":"if","locations":[{"start":{"line":29,"column":9},"end":{"line":33,"column":null}},{"start":{"line":29,"column":9},"end":{"line":33,"column":null}}]},"2":{"loc":{"start":{"line":38,"column":26},"end":{"line":38,"column":34}},"type":"cond-expr","locations":[{"start":{"line":38,"column":26},"end":{"line":38,"column":34}},{"start":{"line":38,"column":34},"end":{"line":38,"column":36}}]},"3":{"loc":{"start":{"line":42,"column":2},"end":{"line":181,"column":null}},"type":"if","locations":[{"start":{"line":42,"column":2},"end":{"line":181,"column":null}},{"start":{"line":42,"column":2},"end":{"line":181,"column":null}}]},"4":{"loc":{"start":{"line":42,"column":6},"end":{"line":42,"column":34}},"type":"binary-expr","locations":[{"start":{"line":42,"column":6},"end":{"line":42,"column":34}},{"start":{"line":42,"column":38},"end":{"line":42,"column":68}}]},"5":{"loc":{"start":{"line":43,"column":50},"end":{"line":43,"column":69}},"type":"cond-expr","locations":[{"start":{"line":43,"column":50},"end":{"line":43,"column":69}},{"start":{"line":43,"column":72},"end":{"line":43,"column":89}}]},"6":{"loc":{"start":{"line":49,"column":17},"end":{"line":49,"column":19}},"type":"cond-expr","locations":[{"start":{"line":49,"column":17},"end":{"line":49,"column":19}},{"start":{"line":49,"column":6},"end":{"line":49,"column":31}}]},"7":{"loc":{"start":{"line":49,"column":6},"end":{"line":49,"column":19}},"type":"binary-expr","locations":[{"start":{"line":49,"column":6},"end":{"line":49,"column":19}},{"start":{"line":49,"column":6},"end":{"line":49,"column":19}}]},"8":{"loc":{"start":{"line":57,"column":52},"end":{"line":57,"column":66}},"type":"cond-expr","locations":[{"start":{"line":57,"column":52},"end":{"line":57,"column":66}},{"start":{"line":57,"column":69},"end":{"line":57,"column":75}}]},"9":{"loc":{"start":{"line":59,"column":6},"end":{"line":163,"column":null}},"type":"if","locations":[{"start":{"line":59,"column":6},"end":{"line":163,"column":null}},{"start":{"line":59,"column":6},"end":{"line":163,"column":null}}]},"10":{"loc":{"start":{"line":66,"column":10},"end":{"line":68,"column":null}},"type":"if","locations":[{"start":{"line":66,"column":10},"end":{"line":68,"column":null}},{"start":{"line":66,"column":10},"end":{"line":68,"column":null}}]},"11":{"loc":{"start":{"line":69,"column":10},"end":{"line":73,"column":null}},"type":"if","locations":[{"start":{"line":69,"column":10},"end":{"line":73,"column":null}},{"start":{"line":69,"column":10},"end":{"line":73,"column":null}}]},"12":{"loc":{"start":{"line":77,"column":10},"end":{"line":79,"column":null}},"type":"if","locations":[{"start":{"line":77,"column":10},"end":{"line":79,"column":null}},{"start":{"line":77,"column":10},"end":{"line":79,"column":null}}]},"13":{"loc":{"start":{"line":80,"column":10},"end":{"line":114,"column":null}},"type":"if","locations":[{"start":{"line":80,"column":10},"end":{"line":114,"column":null}},{"start":{"line":80,"column":10},"end":{"line":114,"column":null}}]},"14":{"loc":{"start":{"line":83,"column":17},"end":{"line":114,"column":null}},"type":"if","locations":[{"start":{"line":83,"column":17},"end":{"line":114,"column":null}},{"start":{"line":83,"column":17},"end":{"line":114,"column":null}}]},"15":{"loc":{"start":{"line":89,"column":12},"end":{"line":93,"column":null}},"type":"if","locations":[{"start":{"line":89,"column":12},"end":{"line":93,"column":null}},{"start":{"line":89,"column":12},"end":{"line":93,"column":null}}]},"16":{"loc":{"start":{"line":100,"column":12},"end":{"line":104,"column":null}},"type":"if","locations":[{"start":{"line":100,"column":12},"end":{"line":104,"column":null}},{"start":{"line":100,"column":12},"end":{"line":104,"column":null}}]},"17":{"loc":{"start":{"line":107,"column":14},"end":{"line":109,"column":null}},"type":"if","locations":[{"start":{"line":107,"column":14},"end":{"line":109,"column":null}},{"start":{"line":107,"column":14},"end":{"line":109,"column":null}}]},"18":{"loc":{"start":{"line":123,"column":8},"end":{"line":127,"column":null}},"type":"if","locations":[{"start":{"line":123,"column":8},"end":{"line":127,"column":null}},{"start":{"line":123,"column":8},"end":{"line":127,"column":null}}]},"19":{"loc":{"start":{"line":123,"column":12},"end":{"line":123,"column":14}},"type":"binary-expr","locations":[{"start":{"line":123,"column":12},"end":{"line":123,"column":14}},{"start":{"line":123,"column":18},"end":{"line":123,"column":28}}]},"20":{"loc":{"start":{"line":132,"column":10},"end":{"line":134,"column":null}},"type":"if","locations":[{"start":{"line":132,"column":10},"end":{"line":134,"column":null}},{"start":{"line":132,"column":10},"end":{"line":134,"column":null}}]},"21":{"loc":{"start":{"line":138,"column":10},"end":{"line":140,"column":null}},"type":"if","locations":[{"start":{"line":138,"column":10},"end":{"line":140,"column":null}},{"start":{"line":138,"column":10},"end":{"line":140,"column":null}}]},"22":{"loc":{"start":{"line":150,"column":12},"end":{"line":152,"column":null}},"type":"if","locations":[{"start":{"line":150,"column":12},"end":{"line":152,"column":null}},{"start":{"line":150,"column":12},"end":{"line":152,"column":null}}]},"23":{"loc":{"start":{"line":158,"column":8},"end":{"line":162,"column":null}},"type":"if","locations":[{"start":{"line":158,"column":8},"end":{"line":162,"column":null}},{"start":{"line":158,"column":8},"end":{"line":162,"column":null}}]},"24":{"loc":{"start":{"line":158,"column":12},"end":{"line":158,"column":14}},"type":"binary-expr","locations":[{"start":{"line":158,"column":12},"end":{"line":158,"column":14}},{"start":{"line":158,"column":18},"end":{"line":158,"column":28}}]},"25":{"loc":{"start":{"line":169,"column":6},"end":{"line":171,"column":null}},"type":"if","locations":[{"start":{"line":169,"column":6},"end":{"line":171,"column":null}},{"start":{"line":169,"column":6},"end":{"line":171,"column":null}}]},"26":{"loc":{"start":{"line":174,"column":4},"end":{"line":180,"column":null}},"type":"if","locations":[{"start":{"line":174,"column":4},"end":{"line":180,"column":null}},{"start":{"line":174,"column":4},"end":{"line":180,"column":null}}]},"27":{"loc":{"start":{"line":175,"column":6},"end":{"line":177,"column":null}},"type":"if","locations":[{"start":{"line":175,"column":6},"end":{"line":177,"column":null}},{"start":{"line":175,"column":6},"end":{"line":177,"column":null}}]}},"s":{"0":1,"1":1,"2":37,"3":3,"4":34,"5":32,"6":2,"7":24,"8":24,"9":12,"10":12,"11":12,"12":12,"13":8,"14":8,"15":8,"16":8,"17":0,"18":0,"19":0,"20":0,"21":0,"22":8,"23":8,"24":8,"25":29,"26":29,"27":21,"28":21,"29":21,"30":21,"31":21,"32":30,"33":29,"34":2,"35":2,"36":2,"37":29,"38":29,"39":29,"40":11,"41":11,"42":18,"43":6,"44":6,"45":6,"46":6,"47":6,"48":4,"49":2,"50":12,"51":12,"52":12,"53":4,"54":8,"55":12,"56":12,"57":13,"58":1,"59":13,"60":16,"61":12,"62":29,"63":29,"64":21,"65":21,"66":21,"67":30,"68":30,"69":21,"70":7,"71":7,"72":7,"73":7,"74":21,"75":2,"76":2,"77":2,"78":8,"79":5,"80":4,"81":4,"82":4,"83":4,"84":4,"85":4,"86":4,"87":4,"88":4,"89":0,"90":4,"91":5,"92":4,"93":8,"94":8,"95":8,"96":5,"97":5,"98":8,"99":1,"100":1,"101":1,"102":4,"103":4,"104":4,"105":4,"106":4,"107":8,"108":8,"109":1,"110":7,"111":4,"112":1,"113":1,"114":3,"115":1},"f":{"0":37,"1":12,"2":0,"3":0,"4":29,"5":12,"6":13,"7":16,"8":7,"9":2,"10":2,"11":4,"12":4,"13":5,"14":1,"15":1},"b":{"0":[3,34],"1":[32,2],"2":[10,2],"3":[8,4],"4":[12,5],"5":[1,7],"6":[0,0],"7":[0,0],"8":[26,3],"9":[21,8],"10":[1,29],"11":[2,27],"12":[0,29],"13":[11,18],"14":[6,12],"15":[4,2],"16":[4,8],"17":[1,12],"18":[2,19],"19":[21,2],"20":[1,4],"21":[0,4],"22":[0,4],"23":[1,7],"24":[8,5],"25":[1,7],"26":[1,3],"27":[1,0]}}
,"/Users/mihaillysikov/deight/innet-1/src/for/index.ts": {"path":"/Users/mihaillysikov/deight/innet-1/src/for/index.ts","statementMap":{"0":{"start":{"line":1,"column":0},"end":{"line":1,"column":8}},"1":{"start":{"line":1,"column":8},"end":{"line":1,"column":29}},"2":{"start":{"line":2,"column":0},"end":{"line":2,"column":21}}},"fnMap":{"0":{"name":"(anonymous_5)","decl":{"start":{"line":1,"column":8},"end":{"line":1,"column":15}},"loc":{"start":{"line":1,"column":8},"end":{"line":1,"column":29}}}},"branchMap":{},"s":{"0":1,"1":13,"2":1},"f":{"0":12},"b":{}}
,"/Users/mihaillysikov/deight/innet-1/src/scope/index.ts": {"path":"/Users/mihaillysikov/deight/innet-1/src/scope/index.ts","statementMap":{"0":{"start":{"line":1,"column":0},"end":{"line":1,"column":8}},"1":{"start":{"line":1,"column":8},"end":{"line":1,"column":31}},"2":{"start":{"line":2,"column":0},"end":{"line":2,"column":23}}},"fnMap":{"0":{"name":"(anonymous_5)","decl":{"start":{"line":1,"column":8},"end":{"line":1,"column":15}},"loc":{"start":{"line":1,"column":8},"end":{"line":1,"column":31}}}},"branchMap":{},"s":{"0":4,"1":605,"2":4},"f":{"0":601},"b":{}}
,"/Users/mihaillysikov/deight/innet-1/src/scope/scope.ts": {"path":"/Users/mihaillysikov/deight/innet-1/src/scope/scope.ts","statementMap":{"0":{"start":{"line":3,"column":14},"end":{"line":6,"column":null}},"1":{"start":{"line":11,"column":2},"end":{"line":11,"column":7}},"2":{"start":{"line":8,"column":0},"end":{"line":8,"column":null}}},"fnMap":{},"branchMap":{},"s":{"0":4,"1":4,"2":4},"f":{},"b":{}}
}
