TN:
SF:src/constants.ts
FNF:0
FNH:0
DA:1,2
DA:2,2
LF:2
LH:2
BRF:0
BRH:0
end_of_record
TN:
SF:src/createHandler.ts
FN:4,createHandler
FNF:1
FNH:1
FNDA:11,createHandler
DA:1,2
DA:4,2
DA:5,11
DA:6,11
DA:8,11
DA:9,25
DA:11,25
DA:12,25
DA:16,11
LF:9
LH:9
BRDA:5,0,0,11
BRDA:5,0,1,11
BRDA:6,1,0,0
BRDA:6,1,1,11
BRDA:11,2,0,25
BRF:5
BRH:4
end_of_record
TN:
SF:src/index.ts
FN:1,(anonymous_5)
FNF:1
FNH:1
FNDA:20,(anonymous_5)
DA:1,22
DA:2,2
DA:3,2
DA:4,2
DA:5,2
DA:6,2
LF:6
LH:6
BRF:0
BRH:0
end_of_record
TN:
SF:src/innet.ts
FN:7,pushApp
FN:12,innet
FNF:2
FNH:2
FNDA:20,pushApp
FNDA:20,innet
DA:1,2
DA:4,2
DA:5,2
DA:8,20
DA:9,20
DA:12,2
DA:13,20
DA:14,0
DA:15,0
DA:18,20
DA:20,20
DA:21,20
LF:12
LH:10
BRDA:13,0,0,0
BRF:1
BRH:0
end_of_record
TN:
SF:src/plugins.ts
FN:7,useHandler
FN:11,useApp
FN:15,runPlugins
FNF:3
FNH:3
FNDA:19,useHandler
FNDA:34,useApp
FNDA:20,runPlugins
DA:1,2
DA:7,2
DA:8,19
DA:11,2
DA:12,34
DA:15,40
DA:16,20
DA:17,20
DA:19,20
DA:20,34
LF:10
LH:10
BRDA:15,0,0,20
BRDA:20,1,0,17
BRF:2
BRH:2
end_of_record
