TN:
SF:src/index.ts
FN:81,create
FN:94,isComponent
FN:97,isContextNode
FN:102,onMounted
FN:108,dom
FN:130,(anonymous_11)
FN:168,innet
FN:196,(anonymous_13)
FN:207,(anonymous_14)
FN:217,(anonymous_15)
FN:261,(anonymous_16)
FNF:11
FNH:8
FNDA:102,create
FNDA:47,isComponent
FNDA:111,isContextNode
FNDA:0,onMounted
FNDA:52,dom
FNDA:9,(anonymous_11)
FNDA:323,innet
FNDA:2,(anonymous_13)
FNDA:0,(anonymous_14)
FNDA:75,(anonymous_15)
FNDA:0,(anonymous_16)
DA:1,3
DA:3,3
DA:4,3
DA:5,3
DA:81,251
DA:82,102
DA:83,102
DA:84,96
DA:86,102
DA:87,33
DA:89,102
DA:90,40
DA:92,102
DA:95,47
DA:98,111
DA:103,0
DA:106,3
DA:109,156
DA:110,52
DA:111,52
DA:112,17
DA:113,17
DA:114,4
DA:116,13
DA:118,13
DA:119,3
DA:121,10
DA:122,10
DA:123,10
DA:125,10
DA:126,0
DA:129,10
DA:130,4
DA:131,9
DA:132,9
DA:133,0
DA:135,9
DA:136,9
DA:137,0
DA:139,9
DA:145,6
DA:146,0
DA:148,6
DA:149,6
DA:156,52
DA:157,52
DA:158,30
DA:159,35
DA:168,455
DA:169,323
DA:170,53
DA:172,270
DA:173,15
DA:174,22
DA:177,255
DA:178,111
DA:179,6
DA:181,105
DA:182,105
DA:183,6
DA:184,99
DA:185,52
DA:186,0
DA:188,52
DA:190,47
DA:191,47
DA:192,47
DA:193,18
DA:194,18
DA:195,18
DA:196,2
DA:198,18
DA:199,18
DA:200,4
DA:203,29
DA:204,29
DA:205,29
DA:206,29
DA:207,29
DA:208,29
DA:210,47
DA:214,144
DA:215,41
DA:216,41
DA:217,41
DA:218,75
DA:219,34
DA:221,75
DA:222,75
DA:223,75
DA:224,75
DA:227,103
DA:228,58
DA:230,323
DA:233,3
DA:234,3
DA:236,3
DA:237,3
DA:238,3
DA:239,3
DA:240,3
DA:241,3
DA:256,3
DA:257,3
DA:261,3
DA:262,3
LF:106
LH:100
BRDA:83,0,0,96
BRDA:83,0,1,6
BRDA:86,1,0,33
BRDA:86,1,1,69
BRDA:89,2,0,40
BRDA:89,2,1,62
BRDA:95,3,0,0
BRDA:95,3,1,47
BRDA:95,4,0,47
BRDA:95,4,1,47
BRDA:111,5,0,16
BRDA:111,5,1,36
BRDA:113,6,0,4
BRDA:113,6,1,13
BRDA:118,7,0,3
BRDA:118,7,1,10
BRDA:122,8,0,10
BRDA:122,8,1,10
BRDA:123,9,0,10
BRDA:123,9,1,10
BRDA:125,10,0,0
BRDA:125,10,1,10
BRDA:129,11,0,4
BRDA:129,11,1,6
BRDA:132,12,0,0
BRDA:132,12,1,9
BRDA:135,13,0,9
BRDA:135,13,1,0
BRDA:136,14,0,0
BRDA:136,14,1,9
BRDA:145,15,0,0
BRDA:145,15,1,6
BRDA:148,16,0,6
BRDA:148,16,1,0
BRDA:148,17,0,6
BRDA:148,17,1,6
BRDA:157,18,0,30
BRDA:157,18,1,22
BRDA:168,19,0,1
BRDA:168,19,1,322
BRDA:168,20,0,132
BRDA:168,20,1,191
BRDA:168,21,0,132
BRDA:168,21,1,191
BRDA:169,22,0,53
BRDA:169,22,1,270
BRDA:172,23,0,15
BRDA:172,23,1,255
BRDA:177,24,0,111
BRDA:177,24,1,144
BRDA:177,25,0,255
BRDA:177,25,1,113
BRDA:178,26,0,6
BRDA:178,26,1,105
BRDA:182,27,0,6
BRDA:182,27,1,99
BRDA:184,28,0,52
BRDA:184,28,1,47
BRDA:185,29,0,0
BRDA:185,29,1,52
BRDA:190,30,0,47
BRDA:190,30,1,0
BRDA:192,31,0,18
BRDA:192,31,1,29
BRDA:195,32,0,2
BRDA:195,32,1,16
BRDA:199,33,0,4
BRDA:199,33,1,14
BRDA:214,34,0,41
BRDA:214,34,1,103
BRDA:218,35,0,34
BRDA:218,35,1,41
BRDA:227,36,0,58
BRDA:227,36,1,45
BRDA:227,37,0,103
BRDA:227,37,1,60
BRF:76
BRH:67
end_of_record
TN:
SF:src/Context/Context.ts
FN:5,(anonymous_1)
FN:8,Context
FN:10,(anonymous_3)
FN:17,(anonymous_4)
FNF:4
FNH:4
FNDA:3,(anonymous_1)
FNDA:2,Context
FNDA:6,(anonymous_3)
FNDA:8,(anonymous_4)
DA:2,3
DA:5,3
DA:6,2
DA:8,2
DA:10,3
DA:11,6
DA:17,3
DA:18,8
DA:19,8
DA:20,8
DA:22,3
DA:24,3
DA:27,3
LF:13
LH:13
BRDA:20,0,0,6
BRDA:20,0,1,2
BRF:2
BRH:2
end_of_record
TN:
SF:src/Context/index.ts
FN:1,(anonymous_5)
FNF:1
FNH:0
FNDA:0,(anonymous_5)
DA:1,3
DA:2,3
LF:2
LH:2
BRF:0
BRH:0
end_of_record
TN:
SF:src/Ref/Ref.ts
FN:3,(anonymous_1)
FN:5,(anonymous_3)
FNF:2
FNH:2
FNDA:6,(anonymous_1)
FNDA:6,(anonymous_3)
DA:1,3
DA:3,3
DA:4,3
DA:5,3
DA:6,6
DA:8,3
DA:10,3
DA:13,3
LF:8
LH:8
BRF:0
BRH:0
end_of_record
TN:
SF:src/Ref/index.ts
FN:1,(anonymous_5)
FNF:1
FNH:1
FNDA:3,(anonymous_5)
DA:1,6
DA:2,3
LF:2
LH:2
BRF:0
BRH:0
end_of_record
TN:
SF:src/scope/index.ts
FN:1,(anonymous_5)
FNF:1
FNH:1
FNDA:522,(anonymous_5)
DA:1,525
DA:2,3
LF:2
LH:2
BRF:0
BRH:0
end_of_record
TN:
SF:src/scope/scope.ts
FNF:0
FNH:0
DA:3,3
DA:8,3
DA:11,3
LF:3
LH:3
BRF:0
BRH:0
end_of_record
TN:
SF:src/utils/dom/dom.ts
FN:4,removeParentChild
FN:11,removeElements
FN:17,updateChildren
FN:27,insertChild
FN:34,clear
FN:38,remove
FN:42,before
FN:52,prepend
FN:66,append
FN:80,after
FNF:10
FNH:9
FNDA:177,removeParentChild
FNDA:27,removeElements
FNDA:177,updateChildren
FNDA:10,insertChild
FNDA:40,clear
FNDA:3,remove
FNDA:6,before
FNDA:0,prepend
FNDA:164,append
FNDA:4,after
DA:5,177
DA:6,3
DA:7,3
DA:8,3
DA:12,27
DA:13,27
DA:14,6
DA:18,177
DA:19,49
DA:20,3
DA:21,3
DA:23,46
DA:27,14
DA:28,10
DA:29,0
DA:30,0
DA:35,40
DA:36,40
DA:39,3
DA:40,3
DA:43,6
DA:44,6
DA:45,6
DA:46,3
DA:48,3
DA:50,6
DA:53,0
DA:54,0
DA:55,0
DA:56,0
DA:57,0
DA:59,0
DA:60,0
DA:62,0
DA:64,0
DA:67,164
DA:68,164
DA:69,51
DA:70,51
DA:71,0
DA:73,51
DA:74,51
DA:76,113
DA:78,164
DA:81,4
DA:82,4
DA:83,4
DA:84,4
DA:88,3
DA:89,3
DA:90,3
DA:91,3
DA:92,3
DA:93,3
LF:54
LH:42
BRDA:5,0,0,3
BRDA:5,0,1,174
BRDA:13,1,0,6
BRDA:13,1,1,21
BRDA:18,2,0,49
BRDA:18,2,1,128
BRDA:19,3,0,3
BRDA:19,3,1,46
BRDA:27,4,0,4
BRDA:27,4,1,6
BRDA:28,5,0,0
BRDA:28,5,1,10
BRDA:45,6,0,3
BRDA:45,6,1,3
BRDA:46,7,0,3
BRDA:46,7,1,1
BRDA:54,8,0,0
BRDA:54,8,1,0
BRDA:56,9,0,0
BRDA:56,9,1,0
BRDA:60,10,0,0
BRDA:60,10,1,0
BRDA:68,11,0,51
BRDA:68,11,1,113
BRDA:70,12,0,0
BRDA:70,12,1,51
BRF:26
BRH:18
end_of_record
TN:
SF:src/utils/dom/index.ts
FNF:0
FNH:0
DA:1,3
LF:1
LH:1
BRF:0
BRH:0
end_of_record
TN:
SF:src/utils/test/getHTML.ts
FN:1,getHTML
FN:4,(anonymous_1)
FNF:2
FNH:2
FNDA:234,getHTML
FNDA:127,(anonymous_1)
DA:1,2
DA:2,234
DA:3,107
DA:4,107
DA:5,127
DA:7,107
DA:9,127
DA:10,28
DA:12,99
DA:13,60
DA:15,39
DA:16,39
DA:18,0
DA:21,2
LF:14
LH:13
BRDA:2,0,0,107
BRDA:2,0,1,127
BRDA:9,1,0,28
BRDA:9,1,1,99
BRDA:12,2,0,60
BRDA:12,2,1,39
BRDA:15,3,0,39
BRDA:15,3,1,0
BRF:8
BRH:7
end_of_record
TN:
SF:src/utils/test/renderElement.ts
FN:3,renderElement
FNF:1
FNH:1
FNDA:73,renderElement
DA:1,3
DA:3,3
DA:4,73
DA:5,73
DA:6,73
DA:9,3
LF:6
LH:6
BRF:0
BRH:0
end_of_record
